Building the system LTS (for T2.tla)
Built the system LTS in 147.441s

WARNING: sun.reflect.Reflection.getCallerClass is not supported. This will impact performance.
Round 1
-------
attempting to eliminate the following neg trace this round:
NT1 (NegTrace): (T0->CommitEntryn1_n1n2_NUM1NUM0)
Total # synth jobs: 27
Formula synthesis info:
  overall (multithread) time: 29.614 seconds
  winning worker id: 20
  winning worker time: 29.606 seconds
Synthesized: \A var0 \in Server : Fluent3[var0]
Fluent3:
  initially: TRUE
  init: UpdateTerms: [0]
  term: CommitEntry: [0]

new pos traces:
PT2 (PosTrace): (T0->BecomeLeadern1_n1n3_NUM0 + T1->ClientRequestn1NUM0 + T2->CommitEntryn1_n1n2_NUM1NUM0)
Total # synth jobs: 27
Formula synthesis info:
  overall (multithread) time: 66.858 seconds
  winning worker id: 8
  winning worker time: 66.854 seconds
Synthesized: \A var0 \in Server : (Fluent4[var0]) => (Fluent3[var0])
Fluent4:
  initially: FALSE
  init: CommitEntry: [0]
  term: 
Fluent3:
  initially: FALSE
  init: ClientRequest: [0]
  term: 

new pos traces:
PT3 (PosTrace): (T0->BecomeLeadern1_n1n3_NUM0 + T1->ClientRequestn1NUM0 + T2->BecomeLeadern2_n1n2n3_NUM0 + T3->CommitEntryn2_n1n2_NUM1NUM0)
Total # synth jobs: 27
Formula synthesis info:
  overall (multithread) time: 107.977 seconds
  winning worker id: 8
  winning worker time: 107.97 seconds
Synthesized: \A var0 \in Server : (Fluent3[var0]) => (Fluent4[var0])
Fluent4:
  initially: FALSE
  init: BecomeLeader: [0]
  term: 
Fluent3:
  initially: FALSE
  init: CommitEntry: [0]
  term: 
The formula is an invariant! Moving to the next round.
Round 1 took 375.496 seconds

Round 2
-------
attempting to eliminate the following neg trace this round:
NT1 (NegTrace): (T0->BecomeLeadern1_n1n2_NUM1 + T1->CommitEntryn1_n2n3_NUM1NUM1 + T2->BecomeLeadern2_n2n3_NUM2 + T3->CommitEntryn2_n1n2_NUM1NUM2)
Total # synth jobs: 27
Formula synthesis info:
  overall (multithread) time: 108.378 seconds
  winning worker id: 4
  winning worker time: 108.363 seconds
Synthesized: \A var0 \in FinNat : (Fluent5[var0][var0]) => (FALSE)
Fluent5:
  initially: FALSE
  init: CommitEntry: [2,3]
  term: 

new pos traces:
PT4 (PosTrace): (T0->BecomeLeadern1_n1n3_NUM0 + T1->ClientRequestn1NUM1 + T2->CommitEntryn1_n1n2_NUM1NUM1)
Total # synth jobs: 27
Formula synthesis info:
  overall (multithread) time: 219.832 seconds
  winning worker id: 20
  winning worker time: 219.831 seconds
Synthesized: \A var0 \in Server : \E var1 \in Server : (Fluent6[var0]) => (Fluent5[var1])
Fluent6:
  initially: FALSE
  init: CommitEntry: [0]
  term: 
Fluent5:
  initially: FALSE
  init: ClientRequest: [0]
  term: 
The formula is an invariant! Moving to the next round.
Round 2 took 476.411 seconds

Round 3
-------
attempting to eliminate the following neg trace this round:
NT1 (NegTrace): (T0->ClientRequestn1NUM0 + T1->BecomeLeadern1_n1n2_NUM1 + T2->CommitEntryn1_n2n3_NUM1NUM1 + T3->BecomeLeadern2_n2n3_NUM2 + T4->CommitEntryn2_n1n2_NUM1NUM2)
Total # synth jobs: 27
Formula synthesis info:
  overall (multithread) time: 172.562 seconds
  winning worker id: 20
  winning worker time: 172.559 seconds
Synthesized: \A var0 \in Server : (Fluent8[var0]) => (Fluent7[var0])
Fluent8:
  initially: FALSE
  init: ClientRequest: [0]
  term: 
Fluent7:
  initially: FALSE
  init: ClientRequest: [0]
  term: BecomeLeader: [0]

new pos traces:
PT5 (PosTrace): (T0->BecomeLeadern1_n1n3_NUM0 + T1->ClientRequestn1NUM0 + T2->BecomeLeadern1_n1n2_NUM0)
Total # synth jobs: 27
Formula synthesis info:
  overall (multithread) time: 321.549 seconds
  winning worker id: 3
  winning worker time: 321.549 seconds
Synthesized: \A var0 \in Quorums : (Fluent7[var0]) => (Fluent8[var0])
Fluent8:
  initially: FALSE
  init: BecomeLeader: [1]
  term: CommitEntry: [1]
Fluent7:
  initially: FALSE
  init: BecomeLeader: [1]
  term: 

new pos traces:
PT6 (PosTrace): (T0->BecomeLeadern1_n1n2_NUM0 + T1->ClientRequestn1NUM0 + T2->CommitEntryn1_n1n2_NUM1NUM0)
Total # synth jobs: 27
Formula synthesis info:
  overall (multithread) time: 408.231 seconds
  winning worker id: 16
  winning worker time: 408.218 seconds
Synthesized: \A var0 \in FinNat : (Fluent7[var0][var0]) => (Fluent8[var0])
Fluent8:
  initially: FALSE
  init: ClientRequest: [1]
  term: 
Fluent7:
  initially: FALSE
  init: CommitEntry: [3,2]
  term: 
The formula is an invariant! Moving to the next round.
Round 3 took 1071.498 seconds

Round 4
-------
attempting to eliminate the following neg trace this round:
NT1 (NegTrace): (T0->ClientRequestn1NUM0 + T1->BecomeLeadern1_n1n2_NUM1 + T2->CommitEntryn1_n1n2n3_NUM3NUM1 + T3->BecomeLeadern2_n2n3_NUM2 + T4->CommitEntryn2_n1n2_NUM3NUM2)
Total # synth jobs: 27
Formula synthesis info:
  overall (multithread) time: 525.701 seconds
  winning worker id: 20
  winning worker time: 525.354 seconds
Synthesized: \A var0 \in Server : \E var1 \in Server : (Fluent10[var0]) => (Fluent9[var1])
Fluent9:
  initially: FALSE
  init: ClientRequest: [0]
  term: BecomeLeader: [0]
Fluent10:
  initially: FALSE
  init: CommitEntry: [0]
  term: 

new pos traces:
PT7 (PosTrace): (T0->BecomeLeadern1_n1n3_NUM0 + T1->ClientRequestn1NUM0 + T2->BecomeLeadern1_n1n3_NUM0 + T3->CommitEntryn1_n1n2_NUM1NUM0)
Total # synth jobs: 27
Formula synthesis info:
  overall (multithread) time: 673.048 seconds
  winning worker id: 0
  winning worker time: 673.033 seconds
Synthesized: \A var0 \in FinNat : (Fluent10[var0]) => (Fluent9[var0])
Fluent9:
  initially: FALSE
  init: ClientRequest: [1]
  term: 
Fluent10:
  initially: FALSE
  init: CommitEntry: [3]
  term: 
The formula is an invariant! Moving to the next round.
Round 4 took 1366.697 seconds

Round 5
-------
attempting to eliminate the following neg trace this round:
NT1 (NegTrace): (T0->BecomeLeadern1_n1n2_NUM1 + T1->ClientRequestn1NUM1 + T2->CommitEntryn1_n2n3_NUM1NUM1 + T3->BecomeLeadern2_n2n3_NUM2 + T4->ClientRequestn2NUM2 + T5->CommitEntryn2_n1n2_NUM1NUM2)
Total # synth jobs: 27
Formula synthesis info:
  overall (multithread) time: 591.56 seconds
  winning worker id: 20
  winning worker time: 591.547 seconds
Synthesized: \A var0 \in Server : \E var1 \in Server : ((var0 # var1) => (Fluent11[var1])) => (FALSE)
Fluent11:
  initially: FALSE
  init: CommitEntry: [0]
  term: 

new pos traces:
PT8 (PosTrace): (T0->BecomeLeadern1_n1n2_NUM0 + T1->BecomeLeadern2_n2n3_NUM0 + T2->ClientRequestn2NUM0 + T3->ClientRequestn1NUM0 + T4->CommitEntryn1_n2n3_NUM1NUM0 + T5->CommitEntryn2_n1n2_NUM1NUM0)
Total # synth jobs: 27
Formula synthesis info:
  overall (multithread) time: 655.823 seconds
  winning worker id: 3
  winning worker time: 655.823 seconds
Synthesized: \A var0 \in Quorums : (Fluent12[var0]) => (Fluent11[var0])
Fluent12:
  initially: FALSE
  init: CommitEntry: [1]
  term: 
Fluent11:
  initially: FALSE
  init: CommitEntry: [1]
  term: BecomeLeader: [1]

new pos traces:
PT9 (PosTrace): (T0->BecomeLeadern1_n1n3_NUM0 + T1->ClientRequestn1NUM0 + T2->CommitEntryn1_n1n2_NUM1NUM0 + T3->BecomeLeadern1_n1n2_NUM0)
Total # synth jobs: 27
Formula synthesis info:
  overall (multithread) time: 1042.712 seconds
  winning worker id: 16
  winning worker time: 1042.7 seconds
Synthesized: \A var0 \in FinNat : (Fluent12[var0]) => (Fluent11[var0])
Fluent12:
  initially: FALSE
  init: BecomeLeader: [2]
  term: 
Fluent11:
  initially: TRUE
  init: BecomeLeader: [2]
  term: CommitEntry: [2]

new pos traces:
PT10 (PosTrace): (T0->BecomeLeadern1_n1n3_NUM1 + T1->ClientRequestn1NUM0 + T2->CommitEntryn1_n1n2_NUM1NUM0)
Total # synth jobs: 27
Formula synthesis info:
  overall (multithread) time: 2502.996 seconds
  winning worker id: 17
  winning worker time: 2502.962 seconds
Synthesized: \A var0 \in FinNat : \A var1 \in Quorums : (Fluent11[var1][var0]) => (Fluent12[var1][var0])
Fluent12:
  initially: TRUE
  init: BecomeLeader: [1,2]
  term: CommitEntry: [1,2]
Fluent11:
  initially: FALSE
  init: BecomeLeader: [1,2]
  term: 

new pos traces:
PT11 (PosTrace): (T0->BecomeLeadern1_n1n2_NUM1 + T1->ClientRequestn1NUM0 + T2->CommitEntryn1_n1n2_NUM1NUM0)
Total # synth jobs: 27
Formula synthesis info:
  overall (multithread) time: 2124.639 seconds
  winning worker id: 16
  winning worker time: 2124.634 seconds
Synthesized: \A var0 \in FinNat : (Fluent12[var0][var0]) => ((Fluent11[var0]) => (FALSE))
Fluent12:
  initially: FALSE
  init: CommitEntry: [2,3]
  term: 
Fluent11:
  initially: FALSE
  init: BecomeLeader: [2]
  term: 

new pos traces:
PT12 (PosTrace): (T0->BecomeLeadern1_n1n3_NUM1 + T1->ClientRequestn1NUM1 + T2->CommitEntryn1_n1n2_NUM1NUM1)
Total # synth jobs: 27
Formula synthesis info:
  overall (multithread) time: 3252.512 seconds
  winning worker id: 22
  winning worker time: 3252.51 seconds
Synthesized: \A var0 \in Quorums : \A var1 \in FinNat : (Fluent12[var0][var1][var1]) => (Fluent11[var0])
Fluent12:
  initially: FALSE
  init: CommitEntry: [1,2,3]
  term: 
Fluent11:
  initially: FALSE
  init: CommitEntry: [1]
  term: BecomeLeader: [1]

new pos traces:
PT13 (PosTrace): (T0->BecomeLeadern1_n1n3_NUM0 + T1->ClientRequestn1NUM1 + T2->CommitEntryn1_n1n2_NUM1NUM1 + T3->BecomeLeadern1_n1n2_NUM0)
Total # synth jobs: 27
Formula synthesis info:
  overall (multithread) time: 2421.336 seconds
  winning worker id: 7
  winning worker time: 2421.279 seconds
Synthesized: \A var0 \in FinNat : \E var1 \in FinNat : \A var2 \in FinNat : (Fluent11[var0][var2]) => (var2 = var1)
Fluent11:
  initially: FALSE
  init: CommitEntry: [2,3]
  term: 

new pos traces:
PT14 (PosTrace): (T0->BecomeLeadern1_n1n2_NUM0 + T1->BecomeLeadern2_n2n3_NUM0 + T2->ClientRequestn2NUM1 + T3->ClientRequestn1NUM0 + T4->CommitEntryn1_n2n3_NUM1NUM0 + T5->CommitEntryn2_n1n2_NUM1NUM1)
Total # synth jobs: 27
Formula synthesis info:
  overall (multithread) time: 6686.241 seconds
  winning worker id: 17
  winning worker time: 6686.239 seconds
Synthesized: \A var0 \in FinNat : \A var1 \in Quorums : \A var2 \in Server : (Fluent12[var0][var1]) => (Fluent11[var0][var1][var2])
Fluent12:
  initially: FALSE
  init: CommitEntry: [2,1]
  term: 
Fluent11:
  initially: TRUE
  init: CommitEntry: [2,1,0]
  term: BecomeLeader: [2,1,0]

new pos traces:
PT15 (PosTrace): (T0->BecomeLeadern1_n1n2_NUM0 + T1->ClientRequestn1NUM0 + T2->BecomeLeadern2_n2n3_NUM1 + T3->CommitEntryn1_n2n3_NUM1NUM0)
Total # synth jobs: 27
Formula synthesis info:
  overall (multithread) time: 4845.72 seconds
  winning worker id: 9
  winning worker time: 4845.708 seconds
Synthesized: \A var0 \in Server : \A var1 \in Quorums : (Fluent12[var1]) => (Fluent11[var0][var1])
Fluent12:
  initially: FALSE
  init: BecomeLeader: [1]
  term: CommitEntry: [1]
Fluent11:
  initially: TRUE
  init: BecomeLeader: [0,1]
  term: CommitEntry: [0,1]

new pos traces:
PT16 (PosTrace): (T0->BecomeLeadern1_n1n2_NUM0 + T1->ClientRequestn1NUM0 + T2->CommitEntryn1_n2n3_NUM1NUM0 + T3->BecomeLeadern2_n2n3_NUM0)
Total # synth jobs: 27
Formula synthesis info:
  overall (multithread) time: 8398.811 seconds
  winning worker id: 0
  winning worker time: 8398.81 seconds
Synthesized: \A var0 \in FinNat : \E var1 \in FinNat : \A var2 \in Server : (Fluent12[var0][var2]) => (Fluent11[var2][var1])
Fluent12:
  initially: FALSE
  init: CommitEntry: [2,0]
  term: 
Fluent11:
  initially: FALSE
  init: BecomeLeader: [0,2]
  term: 
The formula is an invariant! Moving to the next round.
Round 5 took 32965.444 seconds

Round 6
-------
attempting to eliminate the following neg trace this round:
NT1 (NegTrace): (T0->BecomeLeadern1_n1n2_NUM1 + T1->ClientRequestn1NUM1 + T2->CommitEntryn1_n2n3_NUM1NUM1 + T3->BecomeLeadern1_n1n2_NUM2 + T4->ClientRequestn1NUM2 + T5->CommitEntryn1_n1n2_NUM1NUM2)
Total # synth jobs: 27
Formula synthesis info:
  overall (multithread) time: 5072.918 seconds
  winning worker id: 19
  winning worker time: 5072.916 seconds
Synthesized: \A var0 \in Server : \E var1 \in Quorums : \A var2 \in FinNat : (Fluent14[var2][var0]) => (Fluent13[var2][var0][var1])
Fluent14:
  initially: FALSE
  init: CommitEntry: [3,0]
  term: 
Fluent13:
  initially: FALSE
  init: CommitEntry: [3,0,1]
  term: 

new pos traces:
PT17 (PosTrace): (T0->BecomeLeadern1_n1n3_NUM0 + T1->ClientRequestn1NUM0 + T2->CommitEntryn1_n1n2_NUM1NUM0 + T3->ClientRequestn1NUM1 + T4->CommitEntryn1_n1n3_NUM2NUM1)
Total # synth jobs: 27
Formula synthesis info:
  overall (multithread) time: 8291.635 seconds
  winning worker id: 17
  winning worker time: 8291.628 seconds
Synthesized: \A var0 \in FinNat : \E var1 \in Quorums : \A var2 \in Server : (Fluent13[var0][var0][var2]) => (Fluent14[var2][var1])
Fluent14:
  initially: FALSE
  init: BecomeLeader: [0,1]
  term: CommitEntry: [0,1]
Fluent13:
  initially: FALSE
  init: CommitEntry: [2,3,0]
  term: 

new pos traces:
PT18 (PosTrace): (T0->BecomeLeadern1_n1n2_NUM0 + T1->ClientRequestn1NUM1 + T2->CommitEntryn1_n1n2_NUM1NUM1)
Total # synth jobs: 27
Formula synthesis info:
  overall (multithread) time: 37088.515 seconds
  winning worker id: 1
  winning worker time: 4000.813 seconds
Synthesized: \A var0 \in Server : \E var1 \in FinNat : \A var2 \in FinNat : (Fluent13[var2][var0]) => (var2 = var1)
Fluent13:
  initially: FALSE
  init: BecomeLeader: [2,0]
  term: 

new pos traces:
PT19 (PosTrace): (T0->BecomeLeadern1_n1n3_NUM0 + T1->BecomeLeadern1_n1n2_NUM1)
Total # synth jobs: 27
Could not synthesize a spearating assumption. Here are the intermediate conjuncts:
/\ \A var0 \in Server : (Fluent3[var0]) => (Fluent4[var0])
/\ \A var0 \in Server : \E var1 \in Server : (Fluent6[var0]) => (Fluent5[var1])
/\ \A var0 \in FinNat : (Fluent7[var0][var0]) => (Fluent8[var0])
/\ \A var0 \in FinNat : (Fluent10[var0]) => (Fluent9[var0])
/\ \A var0 \in FinNat : \E var1 \in FinNat : \A var2 \in Server : (Fluent12[var0][var2]) => (Fluent11[var2][var1])
/\ UNSAT
392312.75user 12212.49system 29:44:13elapsed 377%CPU (0avgtext+0avgdata 7438184maxresident)k
6993224inputs+2848942384outputs (233179major+5215448843minor)pagefaults 0swaps
