Building the system LTS (for T2.tla)
Built the system LTS in 141.728s

WARNING: sun.reflect.Reflection.getCallerClass is not supported. This will impact performance.
Round 1
-------
attempting to eliminate the following neg trace this round:
NT1 (NegTrace): (T0->CommitEntryn1_n1n2_NUM1NUM0)
Total # synth jobs: 27
Formula synthesis info:
  overall (multithread) time: 32.539 seconds
  winning worker id: 20
  winning worker time: 32.511 seconds
Synthesized: \A var0 \in Server : Fluent3[var0]
Fluent3:
  initially: TRUE
  init: ClientRequest: [0]
  term: CommitEntry: [0]

new pos traces:
PT2 (PosTrace): (T0->BecomeLeadern1_n1n3_NUM0 + T1->ClientRequestn1NUM0 + T2->CommitEntryn1_n1n2_NUM1NUM0)
Total # synth jobs: 27
Formula synthesis info:
  overall (multithread) time: 79.793 seconds
  winning worker id: 4
  winning worker time: 79.78 seconds
Synthesized: \A var0 \in FinNat : (Fluent4[var0]) => (Fluent3[var0])
Fluent4:
  initially: FALSE
  init: CommitEntry: [3]
  term: 
Fluent3:
  initially: FALSE
  init: BecomeLeader: [2]
  term: 

new pos traces:
PT3 (PosTrace): (T0->BecomeLeadern1_n1n3_NUM0 + T1->ClientRequestn1NUM1 + T2->CommitEntryn1_n1n2_NUM1NUM1)
Total # synth jobs: 27
Formula synthesis info:
  overall (multithread) time: 79.456 seconds
  winning worker id: 5
  winning worker time: 79.453 seconds
Synthesized: \A var0 \in Server : (Fluent3[var0]) => (Fluent4[var0])
Fluent4:
  initially: FALSE
  init: ClientRequest: [0]
  term: 
Fluent3:
  initially: FALSE
  init: CommitEntry: [0]
  term: 

new pos traces:
PT4 (PosTrace): (T0->BecomeLeadern1_n1n3_NUM0 + T1->ClientRequestn1NUM0 + T2->BecomeLeadern2_n1n2n3_NUM0 + T3->CommitEntryn2_n1n2_NUM1NUM0)
Total # synth jobs: 27
Formula synthesis info:
  overall (multithread) time: 115.072 seconds
  winning worker id: 20
  winning worker time: 115.068 seconds
Synthesized: \A var0 \in Server : (Fluent3[var0]) => (Fluent4[var0])
Fluent4:
  initially: FALSE
  init: BecomeLeader: [0]
  term: 
Fluent3:
  initially: FALSE
  init: CommitEntry: [0]
  term: 
The formula is an invariant! Moving to the next round.
Round 1 took 483.187 seconds

Round 2
-------
attempting to eliminate the following neg trace this round:
NT1 (NegTrace): (T0->BecomeLeadern1_n1n2_NUM1 + T1->CommitEntryn1_n2n3_NUM1NUM1 + T2->BecomeLeadern2_n2n3_NUM2 + T3->CommitEntryn2_n1n2_NUM1NUM2)
Total # synth jobs: 27
Formula synthesis info:
  overall (multithread) time: 177.087 seconds
  winning worker id: 4
  winning worker time: 177.067 seconds
Synthesized: \A var0 \in FinNat : (Fluent6[var0][var0]) => (Fluent5[var0])
Fluent6:
  initially: FALSE
  init: CommitEntry: [2,3]
  term: 
Fluent5:
  initially: FALSE
  init: ClientRequest: [1]
  term: 
The formula is an invariant! Moving to the next round.
Round 2 took 349.591 seconds

Round 3
-------
attempting to eliminate the following neg trace this round:
NT1 (NegTrace): (T0->BecomeLeadern1_n1n2_NUM1 + T1->CommitEntryn1_n1n2n3_NUM3NUM1 + T2->BecomeLeadern2_n2n3_NUM2 + T3->CommitEntryn2_n1n2_NUM3NUM2)
Total # synth jobs: 27
Formula synthesis info:
  overall (multithread) time: 111.572 seconds
  winning worker id: 20
  winning worker time: 111.563 seconds
Synthesized: \A var0 \in Server : \E var1 \in Server : (Fluent8[var0]) => (Fluent7[var1])
Fluent8:
  initially: FALSE
  init: CommitEntry: [0]
  term: 
Fluent7:
  initially: FALSE
  init: ClientRequest: [0]
  term: 
The formula is an invariant! Moving to the next round.
Round 3 took 273.222 seconds

Round 4
-------
attempting to eliminate the following neg trace this round:
NT1 (NegTrace): (T0->ClientRequestn1NUM0 + T1->BecomeLeadern1_n1n2_NUM1 + T2->CommitEntryn1_n1n2n3_NUM3NUM1 + T3->BecomeLeadern2_n2n3_NUM2 + T4->CommitEntryn2_n1n2_NUM3NUM2)
Total # synth jobs: 27
Formula synthesis info:
  overall (multithread) time: 156.811 seconds
  winning worker id: 20
  winning worker time: 156.81 seconds
Synthesized: \A var0 \in Server : (Fluent9[var0]) => (Fluent10[var0])
Fluent9:
  initially: FALSE
  init: ClientRequest: [0]
  term: 
Fluent10:
  initially: TRUE
  init: ClientRequest: [0]
  term: BecomeLeader: [0]

new pos traces:
PT5 (PosTrace): (T0->BecomeLeadern1_n1n3_NUM0 + T1->ClientRequestn1NUM0 + T2->BecomeLeadern1_n1n2_NUM0)
Total # synth jobs: 27
Formula synthesis info:
  overall (multithread) time: 287.225 seconds
  winning worker id: 20
  winning worker time: 287.211 seconds
Synthesized: \A var0 \in Server : \E var1 \in Server : (Fluent9[var0]) => (Fluent10[var1])
Fluent9:
  initially: FALSE
  init: CommitEntry: [0]
  term: 
Fluent10:
  initially: FALSE
  init: ClientRequest: [0]
  term: BecomeLeader: [0]

new pos traces:
PT6 (PosTrace): (T0->BecomeLeadern1_n1n3_NUM0 + T1->ClientRequestn1NUM0 + T2->BecomeLeadern1_n1n3_NUM0 + T3->CommitEntryn1_n1n2_NUM1NUM0)
Total # synth jobs: 27
Formula synthesis info:
  overall (multithread) time: 369.4 seconds
  winning worker id: 3
  winning worker time: 369.39 seconds
Synthesized: \A var0 \in Quorums : (Fluent10[var0]) => (Fluent9[var0])
Fluent9:
  initially: FALSE
  init: BecomeLeader: [1]
  term: CommitEntry: [1]
Fluent10:
  initially: FALSE
  init: BecomeLeader: [1]
  term: 

new pos traces:
PT7 (PosTrace): (T0->BecomeLeadern1_n1n2_NUM0 + T1->ClientRequestn1NUM0 + T2->CommitEntryn1_n1n2_NUM1NUM0)
Total # synth jobs: 27
Formula synthesis info:
  overall (multithread) time: 304.758 seconds
  winning worker id: 4
  winning worker time: 304.752 seconds
Synthesized: \A var0 \in FinNat : (Fluent10[var0]) => (Fluent9[var0])
Fluent9:
  initially: FALSE
  init: ClientRequest: [1]
  term: 
Fluent10:
  initially: FALSE
  init: CommitEntry: [3]
  term: 
The formula is an invariant! Moving to the next round.
Round 4 took 1287.031 seconds

Round 5
-------
attempting to eliminate the following neg trace this round:
NT1 (NegTrace): (T0->BecomeLeadern1_n1n2_NUM1 + T1->ClientRequestn1NUM1 + T2->CommitEntryn1_n2n3_NUM1NUM1 + T3->BecomeLeadern2_n2n3_NUM2 + T4->ClientRequestn2NUM2 + T5->CommitEntryn2_n1n2_NUM1NUM2)
Total # synth jobs: 27
Formula synthesis info:
  overall (multithread) time: 625.79 seconds
  winning worker id: 13
  winning worker time: 625.788 seconds
Synthesized: \A var0 \in Quorums : (Fluent12[var0]) => (Fluent11[var0])
Fluent12:
  initially: FALSE
  init: CommitEntry: [1]
  term: 
Fluent11:
  initially: FALSE
  init: CommitEntry: [1]
  term: BecomeLeader: [1]

new pos traces:
PT8 (PosTrace): (T0->BecomeLeadern1_n1n3_NUM0 + T1->ClientRequestn1NUM0 + T2->CommitEntryn1_n1n2_NUM1NUM0 + T3->BecomeLeadern1_n1n2_NUM0)
Total # synth jobs: 27
Formula synthesis info:
  overall (multithread) time: 819.092 seconds
  winning worker id: 4
  winning worker time: 819.087 seconds
Synthesized: \A var0 \in FinNat : \E var1 \in Server : \A var2 \in Server : (Fluent11[var0][var2]) => (var1 = var2)
Fluent11:
  initially: FALSE
  init: CommitEntry: [2,0]
  term: 

new pos traces:
PT9 (PosTrace): (T0->BecomeLeadern1_n1n2_NUM0 + T1->BecomeLeadern2_n2n3_NUM0 + T2->ClientRequestn2NUM0 + T3->ClientRequestn1NUM0 + T4->CommitEntryn1_n2n3_NUM1NUM0 + T5->CommitEntryn2_n1n2_NUM1NUM0)
Total # synth jobs: 27
Formula synthesis info:
  overall (multithread) time: 887.616 seconds
  winning worker id: 4
  winning worker time: 887.613 seconds
Synthesized: \A var0 \in FinNat : (Fluent11[var0]) => (Fluent12[var0])
Fluent12:
  initially: TRUE
  init: BecomeLeader: [2]
  term: CommitEntry: [2]
Fluent11:
  initially: FALSE
  init: BecomeLeader: [2]
  term: 

new pos traces:
PT10 (PosTrace): (T0->BecomeLeadern1_n1n3_NUM1 + T1->ClientRequestn1NUM0 + T2->CommitEntryn1_n1n2_NUM1NUM0)
Total # synth jobs: 27
Formula synthesis info:
  overall (multithread) time: 1644.792 seconds
  winning worker id: 22
  winning worker time: 1644.783 seconds
Synthesized: \A var0 \in Quorums : \A var1 \in FinNat : (Fluent11[var0][var1][var1]) => (Fluent12[var0])
Fluent12:
  initially: TRUE
  init: CommitEntry: [1]
  term: BecomeLeader: [1]
Fluent11:
  initially: FALSE
  init: CommitEntry: [1,3,2]
  term: 

new pos traces:
PT11 (PosTrace): (T0->BecomeLeadern1_n1n2_NUM0 + T1->ClientRequestn1NUM1 + T2->CommitEntryn1_n1n2_NUM1NUM1 + T3->BecomeLeadern1_n1n2_NUM0)
Total # synth jobs: 27
Formula synthesis info:
  overall (multithread) time: 1722.769 seconds
  winning worker id: 16
  winning worker time: 1722.767 seconds
Synthesized: \A var0 \in FinNat : (Fluent11[var0][var0]) => ((Fluent12[var0]) => (FALSE))
Fluent12:
  initially: FALSE
  init: BecomeLeader: [2]
  term: 
Fluent11:
  initially: FALSE
  init: CommitEntry: [2,3]
  term: 

new pos traces:
PT12 (PosTrace): (T0->BecomeLeadern1_n1n3_NUM1 + T1->ClientRequestn1NUM1 + T2->CommitEntryn1_n1n2_NUM1NUM1)
Total # synth jobs: 27
Formula synthesis info:
  overall (multithread) time: 2603.231 seconds
  winning worker id: 3
  winning worker time: 2603.155 seconds
Synthesized: \A var0 \in Quorums : \A var1 \in Server : (Fluent12[var0][var1]) => (Fluent11[var0])
Fluent12:
  initially: FALSE
  init: CommitEntry: [1,0]
  term: BecomeLeader: [1,0]
Fluent11:
  initially: TRUE
  init: CommitEntry: [1]
  term: BecomeLeader: [1]

new pos traces:
PT13 (PosTrace): (T0->BecomeLeadern1_n1n2_NUM0 + T1->ClientRequestn1NUM0 + T2->CommitEntryn1_n2n3_NUM1NUM0 + T3->BecomeLeadern2_n2n3_NUM0)
Total # synth jobs: 26
Formula synthesis info:
  overall (multithread) time: 2247.88 seconds
  winning worker id: 0
  winning worker time: 2247.87 seconds
Synthesized: \A var0 \in FinNat : \E var1 \in FinNat : \A var2 \in Server : (Fluent12[var2][var0]) => (Fluent11[var2][var1])
Fluent12:
  initially: FALSE
  init: CommitEntry: [0,2]
  term: 
Fluent11:
  initially: FALSE
  init: BecomeLeader: [0,2]
  term: 
The formula is an invariant! Moving to the next round.
Round 5 took 10887.561 seconds

Round 6
-------
attempting to eliminate the following neg trace this round:
NT1 (NegTrace): (T0->BecomeLeadern1_n1n2_NUM1 + T1->ClientRequestn1NUM1 + T2->CommitEntryn1_n2n3_NUM1NUM1 + T3->BecomeLeadern1_n1n2_NUM2 + T4->ClientRequestn1NUM2 + T5->CommitEntryn1_n1n2_NUM1NUM2)
Total # synth jobs: 27
Formula synthesis info:
  overall (multithread) time: 2284.425 seconds
  winning worker id: 23
  winning worker time: 2284.35 seconds
Synthesized: \A var0 \in Quorums : \E var1 \in FinNat : \A var2 \in FinNat : (Fluent13[var2][var0]) => (var1 = var2)
Fluent13:
  initially: FALSE
  init: BecomeLeader: [2,1]
  term: 

new pos traces:
PT14 (PosTrace): (T0->BecomeLeadern1_n1n2_NUM0 + T1->BecomeLeadern1_n1n2_NUM1)
Total # synth jobs: 27
Formula synthesis info:
  overall (multithread) time: 1139.298 seconds
  winning worker id: 12
  winning worker time: 1139.22 seconds
Synthesized: \A var0 \in Server : \E var1 \in Quorums : \A var2 \in Quorums : (Fluent13[var0][var2]) => (var1 = var2)
Fluent13:
  initially: FALSE
  init: CommitEntry: [0,1]
  term: 

new pos traces:
PT15 (PosTrace): (T0->BecomeLeadern1_n1n3_NUM0 + T1->ClientRequestn1NUM0 + T2->CommitEntryn1_n1n2_NUM1NUM0 + T3->CommitEntryn1_n1n3_NUM1NUM0)
Total # synth jobs: 27
Formula synthesis info:
  overall (multithread) time: 3263.187 seconds
  winning worker id: 22
  winning worker time: 3262.946 seconds
Synthesized: \A var0 \in Quorums : \A var1 \in FinNat : (Fluent13[var1][var0]) => (Fluent14[var1][var0])
Fluent14:
  initially: FALSE
  init: BecomeLeader: [2,1]
  term: CommitEntry: [2,1]
Fluent13:
  initially: FALSE
  init: BecomeLeader: [2,1]
  term: 

new pos traces:
PT16 (PosTrace): (T0->BecomeLeadern1_n1n2_NUM1 + T1->ClientRequestn1NUM0 + T2->CommitEntryn1_n1n2_NUM1NUM0)
Total # synth jobs: 26
Formula synthesis info:
  overall (multithread) time: 3167.291 seconds
  winning worker id: 1
  winning worker time: 3167.219 seconds
Synthesized: \A var0 \in Server : \E var1 \in FinNat : \A var2 \in FinNat : (Fluent13[var0][var2]) => (var2 = var1)
Fluent13:
  initially: FALSE
  init: CommitEntry: [0,3]
  term: 

new pos traces:
PT17 (PosTrace): (T0->BecomeLeadern1_n1n3_NUM0 + T1->ClientRequestn1NUM0 + T2->CommitEntryn1_n2n3_NUM1NUM0 + T3->ClientRequestn1NUM1 + T4->CommitEntryn1_n1n2_NUM2NUM1)
Total # synth jobs: 26
Command terminated by signal 9
103896.09user 4032.39system 6:52:22elapsed 436%CPU (0avgtext+0avgdata 8124912maxresident)k
14528480inputs+1857957368outputs (615524major+1494787253minor)pagefaults 0swaps
