Building the system LTS (for T2.tla)
Built the system LTS in 145.083s

WARNING: sun.reflect.Reflection.getCallerClass is not supported. This will impact performance.
Round 1
-------
attempting to eliminate the following neg trace this round:
NT1 (NegTrace): (T0->CommitEntryn1_n1n2_NUM1NUM0)
Total # synth jobs: 27
Formula synthesis info:
  overall (multithread) time: 44.701 seconds
  winning worker id: 5
  winning worker time: 44.689 seconds
Synthesized: \A var0 \in Server : Fluent3[var0]
Fluent3:
  initially: TRUE
  init: ClientRequest: [0]
  term: CommitEntry: [0]

new pos traces:
PT2 (PosTrace): (T0->BecomeLeadern1_n1n3_NUM0 + T1->ClientRequestn1NUM0 + T2->CommitEntryn1_n1n2_NUM1NUM0)
Total # synth jobs: 27
Formula synthesis info:
  overall (multithread) time: 72.866 seconds
  winning worker id: 5
  winning worker time: 72.865 seconds
Synthesized: \A var0 \in Server : (Fluent3[var0]) => (Fluent4[var0])
Fluent4:
  initially: FALSE
  init: ClientRequest: [0]
  term: 
Fluent3:
  initially: FALSE
  init: CommitEntry: [0]
  term: 

new pos traces:
PT3 (PosTrace): (T0->BecomeLeadern1_n1n3_NUM0 + T1->ClientRequestn1NUM0 + T2->BecomeLeadern2_n1n2n3_NUM0 + T3->CommitEntryn2_n1n2_NUM1NUM0)
Total # synth jobs: 27
Formula synthesis info:
  overall (multithread) time: 147.048 seconds
  winning worker id: 10
  winning worker time: 147.032 seconds
Synthesized: \A var0 \in Server : (Fluent4[var0]) => (Fluent3[var0])
Fluent4:
  initially: FALSE
  init: CommitEntry: [0]
  term: 
Fluent3:
  initially: FALSE
  init: BecomeLeader: [0]
  term: 
The formula is an invariant! Moving to the next round.
Round 1 took 436.128 seconds

Round 2
-------
attempting to eliminate the following neg trace this round:
NT1 (NegTrace): (T0->BecomeLeadern1_n1n2_NUM1 + T1->CommitEntryn1_n2n3_NUM1NUM1 + T2->BecomeLeadern2_n2n3_NUM2 + T3->CommitEntryn2_n1n2_NUM1NUM2)
Total # synth jobs: 27
Formula synthesis info:
  overall (multithread) time: 192.298 seconds
  winning worker id: 5
  winning worker time: 192.163 seconds
Synthesized: \A var0 \in Server : \E var1 \in Server : (Fluent6[var0]) => (Fluent5[var1])
Fluent6:
  initially: FALSE
  init: CommitEntry: [0]
  term: 
Fluent5:
  initially: FALSE
  init: ClientRequest: [0]
  term: 
The formula is an invariant! Moving to the next round.
Round 2 took 360.099 seconds

Round 3
-------
attempting to eliminate the following neg trace this round:
NT1 (NegTrace): (T0->ClientRequestn1NUM0 + T1->BecomeLeadern1_n1n2_NUM1 + T2->CommitEntryn1_n2n3_NUM1NUM1 + T3->BecomeLeadern2_n2n3_NUM2 + T4->CommitEntryn2_n1n2_NUM1NUM2)
Total # synth jobs: 27
Formula synthesis info:
  overall (multithread) time: 213.01 seconds
  winning worker id: 16
  winning worker time: 212.997 seconds
Synthesized: \A var0 \in FinNat : (Fluent7[var0][var0]) => (FALSE)
Fluent7:
  initially: FALSE
  init: CommitEntry: [3,2]
  term: 

new pos traces:
PT4 (PosTrace): (T0->BecomeLeadern1_n1n3_NUM0 + T1->ClientRequestn1NUM1 + T2->CommitEntryn1_n1n2_NUM1NUM1)
Total # synth jobs: 27
Formula synthesis info:
  overall (multithread) time: 278.446 seconds
  winning worker id: 4
  winning worker time: 278.444 seconds
Synthesized: \A var0 \in FinNat : (Fluent8[var0]) => (Fluent7[var0])
Fluent8:
  initially: FALSE
  init: CommitEntry: [3]
  term: 
Fluent7:
  initially: FALSE
  init: ClientRequest: [1]
  term: 
The formula is an invariant! Moving to the next round.
Round 3 took 652.736 seconds

Round 4
-------
attempting to eliminate the following neg trace this round:
NT1 (NegTrace): (T0->BecomeLeadern1_n1n2_NUM1 + T1->ClientRequestn1NUM1 + T2->CommitEntryn1_n2n3_NUM1NUM1 + T3->BecomeLeadern2_n2n3_NUM2 + T4->ClientRequestn2NUM2 + T5->CommitEntryn2_n1n2_NUM1NUM2)
Total # synth jobs: 27
Formula synthesis info:
  overall (multithread) time: 463.137 seconds
  winning worker id: 3
  winning worker time: 463.131 seconds
Synthesized: \A var0 \in Quorums : (Fluent10[var0]) => (Fluent9[var0])
Fluent9:
  initially: FALSE
  init: BecomeLeader: [1]
  term: CommitEntry: [1]
Fluent10:
  initially: FALSE
  init: BecomeLeader: [1]
  term: 

new pos traces:
PT5 (PosTrace): (T0->BecomeLeadern1_n1n2_NUM0 + T1->ClientRequestn1NUM0 + T2->CommitEntryn1_n1n2_NUM1NUM0)
Total # synth jobs: 27
Formula synthesis info:
  overall (multithread) time: 533.444 seconds
  winning worker id: 4
  winning worker time: 533.444 seconds
Synthesized: \A var0 \in FinNat : (Fluent9[var0]) => (Fluent10[var0])
Fluent9:
  initially: FALSE
  init: BecomeLeader: [2]
  term: 
Fluent10:
  initially: TRUE
  init: BecomeLeader: [2]
  term: CommitEntry: [2]

new pos traces:
PT6 (PosTrace): (T0->BecomeLeadern1_n1n3_NUM1 + T1->ClientRequestn1NUM0 + T2->CommitEntryn1_n1n2_NUM1NUM0)
Total # synth jobs: 27
Formula synthesis info:
  overall (multithread) time: 721.596 seconds
  winning worker id: 13
  winning worker time: 721.595 seconds
Synthesized: \A var0 \in Quorums : (Fluent9[var0]) => (Fluent10[var0])
Fluent9:
  initially: FALSE
  init: CommitEntry: [1]
  term: 
Fluent10:
  initially: FALSE
  init: CommitEntry: [1]
  term: BecomeLeader: [1]

new pos traces:
PT7 (PosTrace): (T0->BecomeLeadern1_n1n3_NUM0 + T1->ClientRequestn1NUM0 + T2->CommitEntryn1_n1n2_NUM1NUM0 + T3->BecomeLeadern1_n1n2_NUM0)
Total # synth jobs: 27
Formula synthesis info:
  overall (multithread) time: 1135.628 seconds
  winning worker id: 3
  winning worker time: 1135.626 seconds
Synthesized: \A var0 \in Quorums : \E var1 \in Server : \A var2 \in Server : (Fluent9[var0][var2]) => (var2 = var1)
Fluent9:
  initially: FALSE
  init: BecomeLeader: [1,0]
        CommitEntry: [1,0]
  term: 

new pos traces:
PT8 (PosTrace): (T0->BecomeLeadern1_n1n2_NUM0 + T1->BecomeLeadern2_n1n2_NUM0)
Total # synth jobs: 27
Formula synthesis info:
  overall (multithread) time: 1023.292 seconds
  winning worker id: 20
  winning worker time: 1023.268 seconds
Synthesized: \A var0 \in Server : \E var1 \in Server : ((var0 # var1) => (Fluent9[var1])) => (FALSE)
Fluent9:
  initially: FALSE
  init: ClientRequest: [0]
  term: 

new pos traces:
PT9 (PosTrace): (T0->BecomeLeadern1_n1n3_NUM0 + T1->ClientRequestn1NUM0 + T2->BecomeLeadern2_n2n3_NUM0 + T3->ClientRequestn2NUM0)
Total # synth jobs: 27
Formula synthesis info:
  overall (multithread) time: 2217.156 seconds
  winning worker id: 7
  winning worker time: 2217.153 seconds
Synthesized: \A var0 \in FinNat : \E var1 \in FinNat : \A var2 \in FinNat : (Fluent9[var2][var0]) => (var2 = var1)
Fluent9:
  initially: FALSE
  init: CommitEntry: [3,2]
  term: 

new pos traces:
PT10 (PosTrace): (T0->BecomeLeadern1_n1n2_NUM0 + T1->BecomeLeadern2_n2n3_NUM0 + T2->ClientRequestn2NUM1 + T3->ClientRequestn1NUM0 + T4->CommitEntryn1_n2n3_NUM1NUM0 + T5->CommitEntryn2_n1n2_NUM1NUM1)
Total # synth jobs: 27
Formula synthesis info:
  overall (multithread) time: 2529.228 seconds
  winning worker id: 22
  winning worker time: 2529.226 seconds
Synthesized: \A var0 \in Quorums : \A var1 \in FinNat : (Fluent10[var0][var1][var1]) => (Fluent9[var0])
Fluent9:
  initially: TRUE
  init: CommitEntry: [1]
  term: BecomeLeader: [1]
Fluent10:
  initially: FALSE
  init: CommitEntry: [1,3,2]
  term: 

new pos traces:
PT11 (PosTrace): (T0->BecomeLeadern1_n1n2_NUM0 + T1->ClientRequestn1NUM1 + T2->CommitEntryn1_n1n2_NUM1NUM1 + T3->BecomeLeadern1_n1n2_NUM0)
Total # synth jobs: 27
Formula synthesis info:
  overall (multithread) time: 2615.855 seconds
  winning worker id: 4
  winning worker time: 2615.845 seconds
Synthesized: \A var0 \in FinNat : (Fluent10[var0]) => ((Fluent9[var0][var0]) => (FALSE))
Fluent9:
  initially: FALSE
  init: CommitEntry: [2,3]
  term: 
Fluent10:
  initially: FALSE
  init: BecomeLeader: [2]
  term: 

new pos traces:
PT12 (PosTrace): (T0->BecomeLeadern1_n1n3_NUM1 + T1->ClientRequestn1NUM1 + T2->CommitEntryn1_n1n2_NUM1NUM1)
Total # synth jobs: 27
Formula synthesis info:
  overall (multithread) time: 3636.235 seconds
  winning worker id: 17
  winning worker time: 2596.908 seconds
Synthesized: \A var0 \in FinNat : \E var1 \in Quorums : (Fluent9[var0]) => (Fluent10[var1][var0])
Fluent9:
  initially: FALSE
  init: BecomeLeader: [2]
  term: 
Fluent10:
  initially: FALSE
  init: BecomeLeader: [1,2]
  term: CommitEntry: [1,2]

new pos traces:
PT13 (PosTrace): (T0->BecomeLeadern1_n1n2_NUM1 + T1->ClientRequestn1NUM0 + T2->CommitEntryn1_n1n2_NUM1NUM0)
Total # synth jobs: 27
Formula synthesis info:
  overall (multithread) time: 5911.518 seconds
  winning worker id: 0
  winning worker time: 4803.244 seconds
Synthesized: \A var0 \in FinNat : \E var1 \in FinNat : \A var2 \in Server : (Fluent10[var2][var0]) => (Fluent9[var1][var2])
Fluent9:
  initially: FALSE
  init: BecomeLeader: [2,0]
  term: 
Fluent10:
  initially: FALSE
  init: CommitEntry: [0,2]
  term: 
The formula is an invariant! Moving to the next round.
Round 4 took 21113.667 seconds

Round 5
-------
attempting to eliminate the following neg trace this round:
NT1 (NegTrace): (T0->BecomeLeadern1_n1n2_NUM1 + T1->ClientRequestn1NUM1 + T2->CommitEntryn1_n2n3_NUM1NUM1 + T3->BecomeLeadern1_n1n2_NUM2 + T4->ClientRequestn1NUM2 + T5->CommitEntryn1_n1n2_NUM1NUM2)
Total # synth jobs: 27
Formula synthesis info:
  overall (multithread) time: 3967.899 seconds
  winning worker id: 19
  winning worker time: 3967.889 seconds
Synthesized: \A var0 \in Server : \E var1 \in Quorums : \A var2 \in FinNat : (Fluent11[var0][var2]) => (Fluent12[var0][var2][var1])
Fluent12:
  initially: FALSE
  init: CommitEntry: [0,3,1]
  term: 
Fluent11:
  initially: FALSE
  init: CommitEntry: [0,3]
  term: 

new pos traces:
PT14 (PosTrace): (T0->BecomeLeadern1_n1n3_NUM0 + T1->ClientRequestn1NUM0 + T2->CommitEntryn1_n1n2_NUM1NUM0 + T3->ClientRequestn1NUM1 + T4->CommitEntryn1_n1n3_NUM2NUM1)
Total # synth jobs: 27
Formula synthesis info:
  overall (multithread) time: 28349.849 seconds
  winning worker id: 2
  winning worker time: 25999.483 seconds
Synthesized: \A var0 \in FinNat : \A var1 \in Server : \A var2 \in FinNat : (Fluent11[var2][var1]) => ((Fluent12[var0][var0][var1]) => (var0 = var2))
Fluent12:
  initially: FALSE
  init: CommitEntry: [3,2,0]
  term: 
Fluent11:
  initially: FALSE
  init: ClientRequest: [1,0]
  term: 

new pos traces:
PT15 (PosTrace): (T0->BecomeLeadern1_n1n3_NUM0 + T1->ClientRequestn1NUM0 + T2->ClientRequestn1NUM2 + T3->CommitEntryn1_n1n2_NUM2NUM2)
Total # synth jobs: 27
Formula synthesis info:
  overall (multithread) time: 5799.64 seconds
  winning worker id: 1
  winning worker time: 5799.636 seconds
Synthesized: \A var0 \in Server : \E var1 \in FinNat : \A var2 \in FinNat : (Fluent11[var0][var2]) => (var1 = var2)
Fluent11:
  initially: FALSE
  init: BecomeLeader: [0,2]
  term: 

new pos traces:
PT16 (PosTrace): (T0->BecomeLeadern1_n1n3_NUM0 + T1->BecomeLeadern1_n1n2_NUM1)
Total # synth jobs: 27
Formula synthesis info:
  overall (multithread) time: 26860.277 seconds
  winning worker id: 1
  winning worker time: 26860.274 seconds
Synthesized: \A var0 \in Server : \E var1 \in FinNat : \A var2 \in FinNat : (Fluent11[var2]) => ((Fluent12[var0]) => (var2 = var1))
Fluent12:
  initially: FALSE
  init: ClientRequest: [0]
  term: 
Fluent11:
  initially: FALSE
  init: BecomeLeader: [2]
  term: 

new pos traces:
PT17 (PosTrace): (T0->BecomeLeadern1_n1n3_NUM0 + T1->ClientRequestn1NUM0 + T2->BecomeLeadern1_n1n2_NUM1)
Total # synth jobs: 27
Synthesized: UNSAT

Could not synthesize a spearating assumption. Here are the intermediate conjuncts:
/\ \A var0 \in Server : (Fluent4[var0]) => (Fluent3[var0])
/\ \A var0 \in Server : \E var1 \in Server : (Fluent6[var0]) => (Fluent5[var1])
/\ \A var0 \in FinNat : (Fluent8[var0]) => (Fluent7[var0])
/\ \A var0 \in FinNat : \E var1 \in FinNat : \A var2 \in Server : (Fluent10[var2][var0]) => (Fluent9[var1][var2])
/\ UNSAT
321546.64user 6376.89system 71:53:16elapsed 126%CPU (0avgtext+0avgdata 7000008maxresident)k
4737952inputs+2569902912outputs (152955major+2085410276minor)pagefaults 0swaps
