Building the system LTS (for MongoStaticRaft.tla)
Built the system LTS in 172.45s

WARNING: sun.reflect.Reflection.getCallerClass is not supported. This will impact performance.
Round 1
-------
attempting to eliminate the following neg trace this round:
NT1 (NegTrace): (T0->CommitEntryn1_n2n3_NUM1NUM0 + T1->CommitEntryn1_n1n2_NUM1NUM1)
Total # synth jobs: 48
Formula synthesis info:
  overall (multithread) time: 25.612 seconds
  winning worker id: 0
  winning worker time: 25.567 seconds
Synthesized: \A var0 \in FinNat : Fluent0[var0]
Fluent0:
  initially: TRUE
  init: 
  term: CommitEntry
  paramsMap: CommitEntry: [2]

new pos traces:
PT2 (PosTrace): (T0->BecomeLeadern1_n1n2_NUM1 + T1->CommitEntryn1_n1n2_NUM1NUM1)
Total # synth jobs: 48
Formula synthesis info:
  overall (multithread) time: 47.455 seconds
  winning worker id: 2
  winning worker time: 47.437 seconds
Synthesized: \A var0 \in Server : (Fluent1[var0]) => (Fluent0[var0])
Fluent1:
  initially: TRUE
  init: 
  term: BecomeLeader
  paramsMap: BecomeLeader: [0]
Fluent0:
  initially: TRUE
  init: 
  term: CommitEntry
  paramsMap: CommitEntry: [0]
The formula is an invariant! Moving to the next round.
Round 1 took 254.227 seconds

Round 2
-------
attempting to eliminate the following neg trace this round:
NT1 (NegTrace): (T0->BecomeLeadern1_n1n3_NUM0 + T1->CommitEntryn1_n2n3_NUM1NUM0 + T2->CommitEntryn1_n1n2_NUM1NUM1)
Total # synth jobs: 48
Formula synthesis info:
  overall (multithread) time: 56.67 seconds
  winning worker id: 14
  winning worker time: 56.658 seconds
Synthesized: \A var0 \in FinNat : (Fluent2[var0]) => (Fluent3[var0])
Fluent3:
  initially: TRUE
  init: 
  term: CommitEntry
  paramsMap: CommitEntry: [3]
Fluent2:
  initially: TRUE
  init: 
  term: BecomeLeader
  paramsMap: BecomeLeader: [2]
The formula is an invariant! Moving to the next round.
Round 2 took 244.214 seconds

Round 3
-------
attempting to eliminate the following neg trace this round:
NT1 (NegTrace): (T0->BecomeLeadern1_n1n3_NUM0 + T1->BecomeLeadern1_n1n3_NUM1 + T2->CommitEntryn1_n2n3_NUM1NUM0 + T3->CommitEntryn1_n1n2_NUM1NUM1)
Total # synth jobs: 48
Formula synthesis info:
  overall (multithread) time: 106.31 seconds
  winning worker id: 12
  winning worker time: 106.303 seconds
Synthesized: \A var0 \in FinNat : (Fluent4[var0]) => (Fluent5[var0])
Fluent5:
  initially: TRUE
  init: 
  term: CommitEntry
  paramsMap: CommitEntry: [3]
Fluent4:
  initially: TRUE
  init: 
  term: CommitEntry
  paramsMap: CommitEntry: [2]

new pos traces:
PT3 (PosTrace): (T0->BecomeLeadern2_n1n2_NUM1 + T1->BecomeLeadern1_n1n2_NUM2 + T2->CommitEntryn1_n1n2_NUM1NUM2)
Total # synth jobs: 48
Formula synthesis info:
  overall (multithread) time: 163.47 seconds
  winning worker id: 26
  winning worker time: 163.465 seconds
Synthesized: \A var0 \in Quorums : (Fluent4[var0]) => (Fluent5[var0])
Fluent5:
  initially: FALSE
  init: BecomeLeader
  term: 
  paramsMap: BecomeLeader: [1]
Fluent4:
  initially: FALSE
  init: CommitEntry
  term: 
  paramsMap: CommitEntry: [1]

new pos traces:
PT4 (PosTrace): (T0->BecomeLeadern1_n1n2n3_NUM1 + T1->CommitEntryn1_n1n2_NUM1NUM1)
Total # synth jobs: 48
Formula synthesis info:
  overall (multithread) time: 281.01 seconds
  winning worker id: 29
  winning worker time: 281.009 seconds
Synthesized: \E var0 \in Quorums : \E var1 \in FinNat : \A var2 \in FinNat : (Fluent5[var2]) => (Fluent4[var2][var1][var0])
Fluent5:
  initially: FALSE
  init: CommitEntry
  term: 
  paramsMap: CommitEntry: [3]
Fluent4:
  initially: FALSE
  init: CommitEntry
  term: 
  paramsMap: CommitEntry: [3,2,1]

new pos traces:
PT5 (PosTrace): (T0->BecomeLeadern2_n1n2_NUM1 + T1->CommitEntryn2_n1n2_NUM1NUM1 + T2->BecomeLeadern1_n1n2_NUM2 + T3->CommitEntryn1_n1n2_NUM2NUM2)
Total # synth jobs: 48
Formula synthesis info:
  overall (multithread) time: 350.325 seconds
  winning worker id: 21
  winning worker time: 350.314 seconds
Synthesized: \A var0 \in Server : \E var1 \in FinNat : \A var2 \in Quorums : (Fluent4[var2][var1]) => (Fluent5[var2])
Fluent5:
  initially: TRUE
  init: 
  term: CommitEntry
  paramsMap: CommitEntry: [1]
Fluent4:
  initially: TRUE
  init: 
  term: CommitEntry
  paramsMap: CommitEntry: [1,3]

new pos traces:
PT6 (PosTrace): (T0->BecomeLeadern1_n1n2_NUM1 + T1->CommitEntryn1_n1n2_NUM1NUM1 + T2->BecomeLeadern1_n1n3_NUM2 + T3->CommitEntryn1_n1n3_NUM2NUM2)
Total # synth jobs: 48
Formula synthesis info:
  overall (multithread) time: 453.223 seconds
  winning worker id: 5
  winning worker time: 453.219 seconds
Synthesized: \A var0 \in FinNat : \E var1 \in FinNat : \A var2 \in Quorums : (Fluent5[var0][var2][var1]) => (Fluent4[var0][var2])
Fluent5:
  initially: TRUE
  init: 
  term: CommitEntry
  paramsMap: CommitEntry: [2,1,3]
Fluent4:
  initially: TRUE
  init: 
  term: CommitEntry
  paramsMap: CommitEntry: [2,1]
The formula is an invariant! Moving to the next round.
Round 3 took 1583.43 seconds

Round 4
-------
attempting to eliminate the following neg trace this round:
NT1 (NegTrace): (T0->BecomeLeadern1_n1n3_NUM0 + T1->BecomeLeadern1_n1n3_NUM1 + T2->CommitEntryn1_n1n2_NUM1NUM0 + T3->CommitEntryn1_n1n2_NUM1NUM1)
Total # synth jobs: 48
Formula synthesis info:
  overall (multithread) time: 804.128 seconds
  winning worker id: 13
  winning worker time: 804.125 seconds
Synthesized: \A var0 \in FinNat : \E var1 \in Server : \A var2 \in Quorums : (Fluent7[var2][var0][var1]) => (Fluent6[var2][var0])
Fluent7:
  initially: TRUE
  init: 
  term: BecomeLeader, CommitEntry
  paramsMap: BecomeLeader: [1,2,0]
             CommitEntry: [1,2,0]
Fluent6:
  initially: TRUE
  init: 
  term: CommitEntry
  paramsMap: CommitEntry: [1,3]

new pos traces:
PT7 (PosTrace): (T0->BecomeLeadern1_n1n2_NUM1 + T1->BecomeLeadern1_n1n2n3_NUM2 + T2->CommitEntryn1_n1n2_NUM1NUM2)
Total # synth jobs: 48
Formula synthesis info:
  overall (multithread) time: 8953.806 seconds
  winning worker id: 18
  winning worker time: 3745.897 seconds
Synthesized: \A var0 \in FinNat : \A var1 \in Quorums : (Fluent8[var0][var1][var0]) => ((Fluent7[var1]) => (Fluent6[var0][var1]))
Fluent8:
  initially: TRUE
  init: 
  term: CommitEntry
  paramsMap: CommitEntry: [2,1,3]
Fluent7:
  initially: TRUE
  init: 
  term: BecomeLeader
  paramsMap: BecomeLeader: [1]
Fluent6:
  initially: TRUE
  init: 
  term: CommitEntry
  paramsMap: CommitEntry: [3,1]

new pos traces:
PT8 (PosTrace): (T0->BecomeLeadern2_n1n2_NUM1 + T1->BecomeLeadern1_n1n2n3_NUM2 + T2->CommitEntryn1_n1n3_NUM1NUM2)
Total # synth jobs: 48
Formula synthesis info:
  overall (multithread) time: 12732.664 seconds
  winning worker id: 4
  winning worker time: 3734.84 seconds
Synthesized: \A var0 \in FinNat : \A var1 \in FinNat : (Fluent6[var1][var0]) => ((Fluent8[var0][var0]) => (Fluent7[var0][var1]))
Fluent8:
  initially: FALSE
  init: CommitEntry
  term: 
  paramsMap: CommitEntry: [2,3]
Fluent7:
  initially: TRUE
  init: 
  term: CommitEntry
  paramsMap: CommitEntry: [2,3]
Fluent6:
  initially: TRUE
  init: 
  term: CommitEntry
  paramsMap: CommitEntry: [2,3]
The formula is an invariant! Moving to the next round.
Round 4 took 22703.167 seconds

Round 5
-------
attempting to eliminate the following neg trace this round:
NT1 (NegTrace): (T0->BecomeLeadern1_n1n3_NUM0 + T1->BecomeLeadern1_n1n3_NUM1 + T2->CommitEntryn1_n1n2_NUM2NUM0 + T3->CommitEntryn1_n1n2_NUM2NUM1)
Total # synth jobs: 48
Formula synthesis info:
  overall (multithread) time: 134.845 seconds
  winning worker id: 8
  winning worker time: 134.839 seconds
Synthesized: \E var0 \in FinNat : Fluent9[var0]
Fluent9:
  initially: TRUE
  init: 
  term: BecomeLeader, CommitEntry
  paramsMap: BecomeLeader: [2]
             CommitEntry: [2]
The formula is an invariant! Moving to the next round.
Round 5 took 330.086 seconds

Round 6
-------
attempting to eliminate the following neg trace this round:
NT1 (NegTrace): (T0->BecomeLeadern1_n1n3_NUM2 + T1->BecomeLeadern1_n1n3_NUM1 + T2->CommitEntryn1_n1n2_NUM2NUM1 + T3->CommitEntryn1_n1n2_NUM1NUM1 + T4->CommitEntryn1_n1n2_NUM1NUM2)
Total # synth jobs: 48
Formula synthesis info:
  overall (multithread) time: 1367.051 seconds
  winning worker id: 0
  winning worker time: 1367.048 seconds
Synthesized: \A var0 \in FinNat : (Fluent10[var0][var0]) => ((Fluent12[var0]) => (Fluent11[var0]))
Fluent12:
  initially: FALSE
  init: CommitEntry
  term: 
  paramsMap: CommitEntry: [3]
Fluent11:
  initially: TRUE
  init: 
  term: CommitEntry
  paramsMap: CommitEntry: [2]
Fluent10:
  initially: TRUE
  init: 
  term: CommitEntry
  paramsMap: CommitEntry: [3,2]
The formula is an invariant! Moving to the next round.
Round 6 took 1576.955 seconds

Round 7
-------
attempting to eliminate the following neg trace this round:
null (null): null
Round 7 took 7.021 seconds

The following formula is a separating assumption:
/\ \A var0 \in Server : (Fluent1[var0]) => (Fluent0[var0])
/\ \A var0 \in FinNat : (Fluent2[var0]) => (Fluent3[var0])
/\ \A var0 \in FinNat : \E var1 \in FinNat : \A var2 \in Quorums : (Fluent5[var0][var2][var1]) => (Fluent4[var0][var2])
/\ \A var0 \in FinNat : \A var1 \in FinNat : (Fluent6[var1][var0]) => ((Fluent8[var0][var0]) => (Fluent7[var0][var1]))
/\ \E var0 \in FinNat : Fluent9[var0]
/\ \A var0 \in FinNat : (Fluent10[var0][var0]) => ((Fluent12[var0]) => (Fluent11[var0]))
175830.96user 1803.27system 7:27:55elapsed 660%CPU (0avgtext+0avgdata 5102372maxresident)k
61408inputs+398658224outputs (184major+686157708minor)pagefaults 0swaps
