Building the system LTS (for T2.tla)
Built the system LTS in 143.85s

WARNING: sun.reflect.Reflection.getCallerClass is not supported. This will impact performance.
Round 1
-------
attempting to eliminate the following neg trace this round:
NT1 (NegTrace): (T0->CommitEntryn1_n1n2_NUM1NUM0)
Total # synth jobs: 27
Formula synthesis info:
  overall (multithread) time: 41.261 seconds
  winning worker id: 5
  winning worker time: 41.257 seconds
Synthesized: \A var0 \in Server : Fluent3[var0]
Fluent3:
  initially: TRUE
  init: BecomeLeader: [0]
  term: CommitEntry: [0]

new pos traces:
PT2 (PosTrace): (T0->BecomeLeadern1_n1n3_NUM0 + T1->ClientRequestn1NUM0 + T2->CommitEntryn1_n1n2_NUM1NUM0)
Total # synth jobs: 27
Formula synthesis info:
  overall (multithread) time: 46.481 seconds
  winning worker id: 20
  winning worker time: 46.479 seconds
Synthesized: \A var0 \in Server : (Fluent3[var0]) => (Fluent4[var0])
Fluent4:
  initially: FALSE
  init: BecomeLeader: [0]
  term: 
Fluent3:
  initially: FALSE
  init: CommitEntry: [0]
  term: 
The formula is an invariant! Moving to the next round.
Round 1 took 242.878 seconds

Round 2
-------
attempting to eliminate the following neg trace this round:
NT1 (NegTrace): (T0->BecomeLeadern1_n1n2_NUM1 + T1->CommitEntryn1_n2n3_NUM1NUM1 + T2->BecomeLeadern2_n2n3_NUM2 + T3->CommitEntryn2_n1n2_NUM1NUM2)
Total # synth jobs: 27
Formula synthesis info:
  overall (multithread) time: 102.323 seconds
  winning worker id: 4
  winning worker time: 102.319 seconds
Synthesized: \A var0 \in FinNat : (Fluent5[var0][var0]) => (FALSE)
Fluent5:
  initially: FALSE
  init: CommitEntry: [2,3]
  term: 

new pos traces:
PT3 (PosTrace): (T0->BecomeLeadern1_n1n3_NUM0 + T1->ClientRequestn1NUM1 + T2->CommitEntryn1_n1n2_NUM1NUM1)
Total # synth jobs: 27
Formula synthesis info:
  overall (multithread) time: 158.274 seconds
  winning worker id: 8
  winning worker time: 158.269 seconds
Synthesized: \A var0 \in Server : (Fluent6[var0]) => (Fluent5[var0])
Fluent6:
  initially: FALSE
  init: CommitEntry: [0]
  term: 
Fluent5:
  initially: FALSE
  init: ClientRequest: [0]
  term: 

new pos traces:
PT4 (PosTrace): (T0->BecomeLeadern1_n1n3_NUM0 + T1->ClientRequestn1NUM0 + T2->BecomeLeadern2_n1n2n3_NUM0 + T3->CommitEntryn2_n1n2_NUM1NUM0)
Total # synth jobs: 27
Formula synthesis info:
  overall (multithread) time: 206.136 seconds
  winning worker id: 4
  winning worker time: 206.134 seconds
Synthesized: \A var0 \in FinNat : (Fluent5[var0][var0]) => (Fluent6[var0])
Fluent6:
  initially: FALSE
  init: ClientRequest: [1]
  term: 
Fluent5:
  initially: FALSE
  init: CommitEntry: [2,3]
  term: 
The formula is an invariant! Moving to the next round.
Round 2 took 651.893 seconds

Round 3
-------
attempting to eliminate the following neg trace this round:
NT1 (NegTrace): (T0->BecomeLeadern1_n1n2_NUM1 + T1->CommitEntryn1_n1n2n3_NUM3NUM1 + T2->BecomeLeadern2_n2n3_NUM2 + T3->CommitEntryn2_n1n2_NUM3NUM2)
Total # synth jobs: 27
Formula synthesis info:
  overall (multithread) time: 189.286 seconds
  winning worker id: 4
  winning worker time: 189.281 seconds
Synthesized: \A var0 \in FinNat : (Fluent7[var0]) => (Fluent8[var0])
Fluent8:
  initially: FALSE
  init: ClientRequest: [1]
  term: 
Fluent7:
  initially: FALSE
  init: CommitEntry: [3]
  term: 
The formula is an invariant! Moving to the next round.
Round 3 took 355.095 seconds

Round 4
-------
attempting to eliminate the following neg trace this round:
NT1 (NegTrace): (T0->BecomeLeadern1_n1n2_NUM1 + T1->ClientRequestn2NUM1 + T2->CommitEntryn1_n2n3_NUM1NUM1 + T3->BecomeLeadern2_n2n3_NUM2 + T4->ClientRequestn3NUM2 + T5->CommitEntryn2_n1n2_NUM1NUM2)
Total # synth jobs: 27
Formula synthesis info:
  overall (multithread) time: 393.414 seconds
  winning worker id: 12
  winning worker time: 393.412 seconds
Synthesized: \A var0 \in Server : (Fluent9[var0]) => (Fluent10[var0])
Fluent9:
  initially: FALSE
  init: ClientRequest: [0]
  term: 
Fluent10:
  initially: FALSE
  init: BecomeLeader: [0]
  term: 
The formula is an invariant! Moving to the next round.
Round 4 took 552.567 seconds

Round 5
-------
attempting to eliminate the following neg trace this round:
NT1 (NegTrace): (T0->BecomeLeadern1_n1n2_NUM1 + T1->ClientRequestn1NUM1 + T2->CommitEntryn1_n2n3_NUM1NUM1 + T3->BecomeLeadern2_n2n3_NUM2 + T4->ClientRequestn2NUM2 + T5->CommitEntryn2_n1n2_NUM1NUM2)
Total # synth jobs: 27
Formula synthesis info:
  overall (multithread) time: 473.846 seconds
  winning worker id: 13
  winning worker time: 473.843 seconds
Synthesized: \A var0 \in Quorums : (Fluent11[var0]) => (Fluent12[var0])
Fluent12:
  initially: FALSE
  init: CommitEntry: [1]
  term: BecomeLeader: [1]
Fluent11:
  initially: FALSE
  init: CommitEntry: [1]
  term: 

new pos traces:
PT5 (PosTrace): (T0->BecomeLeadern1_n1n3_NUM0 + T1->ClientRequestn1NUM0 + T2->CommitEntryn1_n1n2_NUM1NUM0 + T3->BecomeLeadern1_n1n2_NUM0)
Total # synth jobs: 27
Formula synthesis info:
  overall (multithread) time: 494.165 seconds
  winning worker id: 4
  winning worker time: 494.142 seconds
Synthesized: \A var0 \in FinNat : \E var1 \in Server : \A var2 \in Server : (Fluent11[var0][var2]) => (var2 = var1)
Fluent11:
  initially: FALSE
  init: CommitEntry: [2,0]
  term: 

new pos traces:
PT6 (PosTrace): (T0->BecomeLeadern1_n1n2_NUM0 + T1->BecomeLeadern2_n2n3_NUM0 + T2->ClientRequestn2NUM0 + T3->ClientRequestn1NUM0 + T4->CommitEntryn1_n2n3_NUM1NUM0 + T5->CommitEntryn2_n1n2_NUM1NUM0)
Total # synth jobs: 27
Formula synthesis info:
  overall (multithread) time: 1103.545 seconds
  winning worker id: 0
  winning worker time: 1103.535 seconds
Synthesized: \A var0 \in FinNat : (Fluent11[var0]) => (Fluent12[var0])
Fluent12:
  initially: FALSE
  init: BecomeLeader: [2]
  term: CommitEntry: [2]
Fluent11:
  initially: FALSE
  init: BecomeLeader: [2]
  term: 

new pos traces:
PT7 (PosTrace): (T0->BecomeLeadern1_n1n3_NUM1 + T1->ClientRequestn1NUM0 + T2->CommitEntryn1_n1n2_NUM1NUM0)
Total # synth jobs: 27
Formula synthesis info:
  overall (multithread) time: 2520.113 seconds
  winning worker id: 24
  winning worker time: 2520.109 seconds
Synthesized: \A var0 \in FinNat : (Fluent11[var0]) => ((Fluent12[var0][var0]) => (FALSE))
Fluent12:
  initially: FALSE
  init: CommitEntry: [3,2]
  term: 
Fluent11:
  initially: FALSE
  init: BecomeLeader: [2]
  term: 

new pos traces:
PT8 (PosTrace): (T0->BecomeLeadern1_n1n3_NUM1 + T1->ClientRequestn1NUM1 + T2->CommitEntryn1_n1n2_NUM1NUM1)
Total # synth jobs: 27
Formula synthesis info:
  overall (multithread) time: 1930.918 seconds
  winning worker id: 7
  winning worker time: 1930.897 seconds
Synthesized: \A var0 \in FinNat : \E var1 \in FinNat : \A var2 \in FinNat : (Fluent11[var0][var2]) => (var1 = var2)
Fluent11:
  initially: FALSE
  init: CommitEntry: [2,3]
  term: 

new pos traces:
PT9 (PosTrace): (T0->BecomeLeadern1_n1n2_NUM0 + T1->BecomeLeadern2_n2n3_NUM0 + T2->ClientRequestn2NUM1 + T3->ClientRequestn1NUM0 + T4->CommitEntryn1_n2n3_NUM1NUM0 + T5->CommitEntryn2_n1n2_NUM1NUM1)
Total # synth jobs: 27
Formula synthesis info:
  overall (multithread) time: 3118.134 seconds
  winning worker id: 22
  winning worker time: 3118.13 seconds
Synthesized: \A var0 \in Quorums : \A var1 \in FinNat : (Fluent12[var0][var1]) => (Fluent11[var0][var1])
Fluent12:
  initially: FALSE
  init: BecomeLeader: [1,2]
  term: 
Fluent11:
  initially: TRUE
  init: BecomeLeader: [1,2]
  term: CommitEntry: [1,2]

new pos traces:
PT10 (PosTrace): (T0->BecomeLeadern1_n1n2_NUM1 + T1->ClientRequestn1NUM0 + T2->CommitEntryn1_n1n2_NUM1NUM0)
Total # synth jobs: 27
Formula synthesis info:
  overall (multithread) time: 4601.123 seconds
  winning worker id: 25
  winning worker time: 4601.121 seconds
Synthesized: \A var0 \in Quorums : \A var1 \in FinNat : (Fluent12[var1][var0][var1]) => (Fluent11[var0])
Fluent12:
  initially: FALSE
  init: CommitEntry: [3,1,2]
  term: 
Fluent11:
  initially: TRUE
  init: CommitEntry: [1]
  term: BecomeLeader: [1]

new pos traces:
PT11 (PosTrace): (T0->BecomeLeadern1_n1n2_NUM0 + T1->ClientRequestn1NUM1 + T2->CommitEntryn1_n1n2_NUM1NUM1 + T3->BecomeLeadern1_n1n2_NUM0)
Total # synth jobs: 27
Synthesized: UNSAT

Could not synthesize a spearating assumption. Here are the intermediate conjuncts:
/\ \A var0 \in Server : (Fluent3[var0]) => (Fluent4[var0])
/\ \A var0 \in FinNat : (Fluent5[var0][var0]) => (Fluent6[var0])
/\ \A var0 \in FinNat : (Fluent7[var0]) => (Fluent8[var0])
/\ \A var0 \in Server : (Fluent9[var0]) => (Fluent10[var0])
/\ UNSAT
58080.05user 1979.88system 5:13:10elapsed 319%CPU (0avgtext+0avgdata 7749128maxresident)k
518872inputs+866187120outputs (13510major+769950361minor)pagefaults 0swaps
