Building the system LTS (for T2.tla)
Built the system LTS in 144.722s

WARNING: sun.reflect.Reflection.getCallerClass is not supported. This will impact performance.
Round 1
-------
attempting to eliminate the following neg trace this round:
NT1 (NegTrace): (T0->CommitEntryn1_n1n2_NUM1NUM0)
Total # synth jobs: 27
Formula synthesis info:
  overall (multithread) time: 26.221 seconds
  winning worker id: 20
  winning worker time: 26.215 seconds
Synthesized: \A var0 \in Server : Fluent3[var0]
Fluent3:
  initially: TRUE
  init: ClientRequest: [0]
  term: CommitEntry: [0]

new pos traces:
PT2 (PosTrace): (T0->BecomeLeadern1_n1n3_NUM0 + T1->ClientRequestn1NUM0 + T2->CommitEntryn1_n1n2_NUM1NUM0)
Total # synth jobs: 27
Formula synthesis info:
  overall (multithread) time: 49.393 seconds
  winning worker id: 8
  winning worker time: 49.39 seconds
Synthesized: \A var0 \in Server : (Fluent4[var0]) => (Fluent3[var0])
Fluent4:
  initially: FALSE
  init: CommitEntry: [0]
  term: 
Fluent3:
  initially: FALSE
  init: ClientRequest: [0]
  term: 

new pos traces:
PT3 (PosTrace): (T0->BecomeLeadern1_n1n3_NUM0 + T1->ClientRequestn1NUM0 + T2->BecomeLeadern2_n1n2n3_NUM0 + T3->CommitEntryn2_n1n2_NUM1NUM0)
Total # synth jobs: 27
Formula synthesis info:
  overall (multithread) time: 126.11 seconds
  winning worker id: 19
  winning worker time: 126.104 seconds
Synthesized: \A var0 \in Server : (Fluent3[var0]) => (Fluent4[var0])
Fluent4:
  initially: FALSE
  init: BecomeLeader: [0]
  term: 
Fluent3:
  initially: FALSE
  init: CommitEntry: [0]
  term: 
The formula is an invariant! Moving to the next round.
Round 1 took 369.24 seconds

Round 2
-------
attempting to eliminate the following neg trace this round:
NT1 (NegTrace): (T0->BecomeLeadern1_n1n2_NUM1 + T1->CommitEntryn1_n2n3_NUM1NUM1 + T2->BecomeLeadern2_n2n3_NUM2 + T3->CommitEntryn2_n1n2_NUM1NUM2)
Total # synth jobs: 27
Formula synthesis info:
  overall (multithread) time: 90.84 seconds
  winning worker id: 20
  winning worker time: 90.84 seconds
Synthesized: \A var0 \in Server : \E var1 \in Server : (Fluent5[var0]) => (Fluent6[var1])
Fluent6:
  initially: FALSE
  init: ClientRequest: [0]
  term: 
Fluent5:
  initially: FALSE
  init: CommitEntry: [0]
  term: 
The formula is an invariant! Moving to the next round.
Round 2 took 241.05 seconds

Round 3
-------
attempting to eliminate the following neg trace this round:
NT1 (NegTrace): (T0->ClientRequestn1NUM0 + T1->BecomeLeadern1_n1n2_NUM1 + T2->CommitEntryn1_n2n3_NUM1NUM1 + T3->BecomeLeadern2_n2n3_NUM2 + T4->CommitEntryn2_n1n2_NUM1NUM2)
Total # synth jobs: 27
Formula synthesis info:
  overall (multithread) time: 118.348 seconds
  winning worker id: 10
  winning worker time: 118.339 seconds
Synthesized: \A var0 \in Server : \A var1 \in FinNat : (Fluent7[var0][var1][var1]) => (FALSE)
Fluent7:
  initially: FALSE
  init: CommitEntry: [0,3,2]
  term: 

new pos traces:
PT4 (PosTrace): (T0->BecomeLeadern1_n1n3_NUM0 + T1->ClientRequestn1NUM1 + T2->CommitEntryn1_n1n2_NUM1NUM1)
Total # synth jobs: 27
Formula synthesis info:
  overall (multithread) time: 168.781 seconds
  winning worker id: 5
  winning worker time: 168.779 seconds
Synthesized: \A var0 \in Server : (Fluent7[var0]) => (Fluent8[var0])
Fluent8:
  initially: FALSE
  init: ClientRequest: [0]
  term: BecomeLeader: [0]
Fluent7:
  initially: FALSE
  init: ClientRequest: [0]
  term: 

new pos traces:
PT5 (PosTrace): (T0->BecomeLeadern1_n1n3_NUM0 + T1->ClientRequestn1NUM0 + T2->BecomeLeadern1_n1n2_NUM0)
Total # synth jobs: 27
Formula synthesis info:
  overall (multithread) time: 202.17 seconds
  winning worker id: 4
  winning worker time: 202.168 seconds
Synthesized: \A var0 \in FinNat : (Fluent8[var0][var0]) => (Fluent7[var0])
Fluent8:
  initially: FALSE
  init: CommitEntry: [2,3]
  term: 
Fluent7:
  initially: FALSE
  init: ClientRequest: [1]
  term: 
The formula is an invariant! Moving to the next round.
Round 3 took 661.028 seconds

Round 4
-------
attempting to eliminate the following neg trace this round:
NT1 (NegTrace): (T0->ClientRequestn1NUM0 + T1->BecomeLeadern1_n1n2_NUM1 + T2->CommitEntryn1_n1n2n3_NUM3NUM1 + T3->BecomeLeadern2_n2n3_NUM2 + T4->CommitEntryn2_n1n2_NUM3NUM2)
Total # synth jobs: 27
Formula synthesis info:
  overall (multithread) time: 286.602 seconds
  winning worker id: 4
  winning worker time: 286.601 seconds
Synthesized: \A var0 \in FinNat : (Fluent9[var0]) => (Fluent10[var0])
Fluent9:
  initially: FALSE
  init: CommitEntry: [3]
  term: 
Fluent10:
  initially: FALSE
  init: ClientRequest: [1]
  term: 
The formula is an invariant! Moving to the next round.
Round 4 took 446.72 seconds

Round 5
-------
attempting to eliminate the following neg trace this round:
NT1 (NegTrace): (T0->BecomeLeadern1_n1n2_NUM1 + T1->ClientRequestn1NUM1 + T2->CommitEntryn1_n2n3_NUM1NUM1 + T3->BecomeLeadern2_n2n3_NUM2 + T4->ClientRequestn2NUM2 + T5->CommitEntryn2_n1n2_NUM1NUM2)
Total # synth jobs: 27
Formula synthesis info:
  overall (multithread) time: 415.236 seconds
  winning worker id: 13
  winning worker time: 415.225 seconds
Synthesized: \A var0 \in Quorums : (Fluent11[var0]) => (Fluent12[var0])
Fluent12:
  initially: FALSE
  init: CommitEntry: [1]
  term: BecomeLeader: [1]
Fluent11:
  initially: FALSE
  init: CommitEntry: [1]
  term: 

new pos traces:
PT6 (PosTrace): (T0->BecomeLeadern1_n1n3_NUM0 + T1->ClientRequestn1NUM0 + T2->CommitEntryn1_n1n2_NUM1NUM0 + T3->BecomeLeadern1_n1n2_NUM0)
Total # synth jobs: 27
Formula synthesis info:
  overall (multithread) time: 428.619 seconds
  winning worker id: 3
  winning worker time: 428.617 seconds
Synthesized: \A var0 \in Quorums : (Fluent12[var0]) => (Fluent11[var0])
Fluent12:
  initially: FALSE
  init: BecomeLeader: [1]
  term: 
Fluent11:
  initially: FALSE
  init: BecomeLeader: [1]
  term: CommitEntry: [1]

new pos traces:
PT7 (PosTrace): (T0->BecomeLeadern1_n1n2_NUM0 + T1->ClientRequestn1NUM0 + T2->CommitEntryn1_n1n2_NUM1NUM0)
Total # synth jobs: 27
Formula synthesis info:
  overall (multithread) time: 820.444 seconds
  winning worker id: 15
  winning worker time: 820.431 seconds
Synthesized: \A var0 \in FinNat : (Fluent12[var0]) => (Fluent11[var0])
Fluent12:
  initially: FALSE
  init: BecomeLeader: [2]
  term: 
Fluent11:
  initially: FALSE
  init: BecomeLeader: [2]
  term: CommitEntry: [2]

new pos traces:
PT8 (PosTrace): (T0->BecomeLeadern1_n1n3_NUM1 + T1->ClientRequestn1NUM0 + T2->CommitEntryn1_n1n2_NUM1NUM0)
Total # synth jobs: 27
Formula synthesis info:
  overall (multithread) time: 1087.473 seconds
  winning worker id: 24
  winning worker time: 1087.463 seconds
Synthesized: \A var0 \in FinNat : \E var1 \in Quorums : \A var2 \in Quorums : (Fluent11[var0][var2]) => (var1 = var2)
Fluent11:
  initially: FALSE
  init: CommitEntry: [2,1]
  term: 

new pos traces:
PT9 (PosTrace): (T0->BecomeLeadern1_n1n3_NUM0 + T1->ClientRequestn1NUM0 + T2->CommitEntryn1_n1n2_NUM1NUM0 + T3->CommitEntryn1_n1n3_NUM1NUM0)
Total # synth jobs: 27
Formula synthesis info:
  overall (multithread) time: 1253.688 seconds
  winning worker id: 16
  winning worker time: 1253.677 seconds
Synthesized: \A var0 \in FinNat : (Fluent12[var0][var0]) => ((Fluent11[var0]) => (FALSE))
Fluent12:
  initially: FALSE
  init: CommitEntry: [2,3]
  term: 
Fluent11:
  initially: FALSE
  init: BecomeLeader: [2]
  term: 

new pos traces:
PT10 (PosTrace): (T0->BecomeLeadern1_n1n3_NUM1 + T1->ClientRequestn1NUM1 + T2->CommitEntryn1_n1n2_NUM1NUM1)
Total # synth jobs: 27
Formula synthesis info:
  overall (multithread) time: 1156.856 seconds
  winning worker id: 4
  winning worker time: 1156.85 seconds
Synthesized: \A var0 \in FinNat : \E var1 \in Server : \A var2 \in Server : (Fluent11[var0][var2]) => (var2 = var1)
Fluent11:
  initially: FALSE
  init: CommitEntry: [2,0]
  term: 

new pos traces:
PT11 (PosTrace): (T0->BecomeLeadern1_n1n2_NUM0 + T1->BecomeLeadern2_n2n3_NUM0 + T2->ClientRequestn2NUM0 + T3->ClientRequestn1NUM0 + T4->CommitEntryn1_n2n3_NUM1NUM0 + T5->CommitEntryn2_n1n2_NUM1NUM0)
Total # synth jobs: 27
Formula synthesis info:
  overall (multithread) time: 1853.116 seconds
  winning worker id: 9
  winning worker time: 1853.114 seconds
Synthesized: \A var0 \in Server : \A var1 \in Quorums : (Fluent11[var0][var1]) => (Fluent12[var1])
Fluent12:
  initially: TRUE
  init: CommitEntry: [1]
  term: BecomeLeader: [1]
Fluent11:
  initially: FALSE
  init: CommitEntry: [0,1]
  term: BecomeLeader: [0,1]

new pos traces:
PT12 (PosTrace): (T0->BecomeLeadern1_n1n2_NUM0 + T1->ClientRequestn1NUM0 + T2->CommitEntryn1_n2n3_NUM1NUM0 + T3->BecomeLeadern2_n2n3_NUM0)
Total # synth jobs: 26
Formula synthesis info:
  overall (multithread) time: 1688.463 seconds
  winning worker id: 2
  winning worker time: 1688.461 seconds
Synthesized: \A var0 \in FinNat : \E var1 \in Server : \A var2 \in FinNat : (Fluent11[var0][var2]) => (Fluent12[var2][var1])
Fluent12:
  initially: FALSE
  init: CommitEntry: [3,0]
  term: 
Fluent11:
  initially: FALSE
  init: CommitEntry: [2,3]
  term: 

new pos traces:
PT13 (PosTrace): (T0->BecomeLeadern1_n1n2_NUM0 + T1->BecomeLeadern2_n2n3_NUM0 + T2->ClientRequestn2NUM1 + T3->ClientRequestn1NUM0 + T4->CommitEntryn1_n2n3_NUM1NUM0 + T5->CommitEntryn2_n1n2_NUM1NUM1)
Total # synth jobs: 26
Formula synthesis info:
  overall (multithread) time: 1832.902 seconds
  winning worker id: 17
  winning worker time: 1832.885 seconds
Synthesized: \A var0 \in FinNat : \A var1 \in Quorums : (Fluent12[var1][var0]) => (Fluent11[var1][var0])
Fluent12:
  initially: FALSE
  init: BecomeLeader: [1,2]
  term: 
Fluent11:
  initially: TRUE
  init: BecomeLeader: [1,2]
  term: CommitEntry: [1,2]

new pos traces:
PT14 (PosTrace): (T0->BecomeLeadern1_n1n2_NUM1 + T1->ClientRequestn1NUM0 + T2->CommitEntryn1_n1n2_NUM1NUM0)
Total # synth jobs: 26
Formula synthesis info:
  overall (multithread) time: 1693.928 seconds
  winning worker id: 17
  winning worker time: 1693.926 seconds
Synthesized: \A var0 \in FinNat : \A var1 \in Quorums : (Fluent12[var1][var0][var0]) => (Fluent11[var1])
Fluent12:
  initially: FALSE
  init: CommitEntry: [1,2,3]
  term: 
Fluent11:
  initially: TRUE
  init: CommitEntry: [1]
  term: BecomeLeader: [1]

new pos traces:
PT15 (PosTrace): (T0->BecomeLeadern1_n1n2_NUM0 + T1->ClientRequestn1NUM1 + T2->CommitEntryn1_n1n2_NUM1NUM1 + T3->BecomeLeadern1_n1n2_NUM0)
Total # synth jobs: 26
Formula synthesis info:
  overall (multithread) time: 4273.898 seconds
  winning worker id: 18
  winning worker time: 4273.896 seconds
Synthesized: \A var0 \in Server : \A var1 \in FinNat : \A var2 \in Quorums : (Fluent11[var1][var2]) => (Fluent12[var2][var1][var0])
Fluent12:
  initially: TRUE
  init: CommitEntry: [1,2,0]
  term: BecomeLeader: [1,2,0]
Fluent11:
  initially: FALSE
  init: CommitEntry: [2,1]
  term: 

new pos traces:
PT16 (PosTrace): (T0->BecomeLeadern1_n1n2_NUM0 + T1->ClientRequestn1NUM0 + T2->BecomeLeadern2_n2n3_NUM1 + T3->CommitEntryn1_n2n3_NUM1NUM0)
Total # synth jobs: 25
Formula synthesis info:
  overall (multithread) time: 14846.684 seconds
  winning worker id: 0
  winning worker time: 3353.963 seconds
Synthesized: \A var0 \in FinNat : \E var1 \in FinNat : \A var2 \in Server : (Fluent11[var2][var0]) => (Fluent12[var2][var1])
Fluent12:
  initially: FALSE
  init: BecomeLeader: [0,2]
  term: 
Fluent11:
  initially: FALSE
  init: CommitEntry: [0,2]
  term: 
The formula is an invariant! Moving to the next round.
Round 5 took 31802.069 seconds

Round 6
-------
attempting to eliminate the following neg trace this round:
NT1 (NegTrace): (T0->BecomeLeadern1_n1n2_NUM1 + T1->ClientRequestn1NUM1 + T2->CommitEntryn1_n2n3_NUM1NUM1 + T3->BecomeLeadern1_n1n2_NUM2 + T4->ClientRequestn1NUM2 + T5->CommitEntryn1_n1n2_NUM1NUM2)
Total # synth jobs: 27
Formula synthesis info:
  overall (multithread) time: 2566.768 seconds
  winning worker id: 18
  winning worker time: 2566.756 seconds
Synthesized: \A var0 \in Server : \E var1 \in FinNat : \A var2 \in Quorums : (Fluent14[var2][var0]) => (Fluent13[var1][var2][var0])
Fluent14:
  initially: FALSE
  init: CommitEntry: [1,0]
  term: 
Fluent13:
  initially: FALSE
  init: CommitEntry: [3,1,0]
  term: 

new pos traces:
PT17 (PosTrace): (T0->BecomeLeadern1_n1n3_NUM0 + T1->ClientRequestn1NUM0 + T2->CommitEntryn1_n1n2_NUM1NUM0 + T3->ClientRequestn1NUM1 + T4->CommitEntryn1_n1n3_NUM2NUM1)
Total # synth jobs: 26
Formula synthesis info:
  overall (multithread) time: 3570.329 seconds
  winning worker id: 1
  winning worker time: 3570.327 seconds
Synthesized: \A var0 \in Server : \E var1 \in FinNat : \A var2 \in FinNat : (Fluent13[var0][var2]) => (var1 = var2)
Fluent13:
  initially: FALSE
  init: BecomeLeader: [0,2]
  term: 

new pos traces:
PT18 (PosTrace): (T0->BecomeLeadern1_n1n3_NUM0 + T1->BecomeLeadern1_n1n2_NUM1)
Total # synth jobs: 26
Formula synthesis info:
  overall (multithread) time: 8662.485 seconds
  winning worker id: 22
  winning worker time: 8662.472 seconds
Synthesized: \A var0 \in Quorums : \E var1 \in FinNat : \A var2 \in FinNat : (Fluent13[var2][var0]) => (var2 = var1)
Fluent13:
  initially: FALSE
  init: BecomeLeader: [2,1]
  term: 

new pos traces:
PT19 (PosTrace): (T0->BecomeLeadern1_n1n2_NUM0 + T1->BecomeLeadern1_n1n2_NUM1)
Total # synth jobs: 21
Synthesized: UNSAT

Could not synthesize a spearating assumption. Here are the intermediate conjuncts:
/\ \A var0 \in Server : (Fluent3[var0]) => (Fluent4[var0])
/\ \A var0 \in Server : \E var1 \in Server : (Fluent5[var0]) => (Fluent6[var1])
/\ \A var0 \in FinNat : (Fluent8[var0][var0]) => (Fluent7[var0])
/\ \A var0 \in FinNat : (Fluent9[var0]) => (Fluent10[var0])
/\ \A var0 \in FinNat : \E var1 \in FinNat : \A var2 \in Server : (Fluent11[var2][var0]) => (Fluent12[var2][var1])
/\ UNSAT
432217.87user 11142.97system 18:45:08elapsed 656%CPU (0avgtext+0avgdata 7007188maxresident)k
9154648inputs+2435342152outputs (394683major+4971288357minor)pagefaults 0swaps
