        0.13 real         0.17 user         0.02 sys
        0.14 real         0.17 user         0.03 sys
      136.19 real       136.34 user         0.84 sys
        3.03 real         4.26 user         0.24 sys
        3.86 real         2.52 user         0.17 sys
        7.92 real         2.42 user         0.17 sys
        6.66 real         2.55 user         0.16 sys
        4.80 real         2.36 user         0.15 sys
       31.53 real        77.47 user         2.15 sys
        7.18 real        13.29 user         0.49 sys
        5.89 real        11.79 user         0.44 sys
        2.11 real         3.80 user         0.33 sys
        7.24 real        16.52 user         0.64 sys
        3.14 real         4.35 user         0.62 sys
        4.72 real         2.41 user         0.15 sys
        3.27 real         4.63 user         0.63 sys
        5.13 real         3.11 user         0.18 sys
        3.46 real         2.22 user         0.15 sys
        5.84 real         2.25 user         0.16 sys
        2.68 real         2.51 user         0.16 sys
        2.54 real         2.82 user         0.18 sys
        3.10 real         2.32 user         0.16 sys
        6.27 real        26.06 user         1.54 sys
      651.71 real      1824.27 user        53.50 sys
     4526.26 real     14505.67 user       478.82 sys
