The following formula is a separating assumption:
/\ \A var0 \in RMs : (Fluent1[var0]) => (Fluent0[var0])
/\ \A var0 \in RMs : (Fluent3[var0]) => (Fluent2[var0])
/\ \A var0 \in RMs : (Fluent4[var0]) => (Fluent5[var0])
/\ \A var0 \in RMs : (Fluent7[var0]) => (Fluent6[var0])
/\ \A var0 \in RMs : \A var1 \in RMs : (Fluent9[var0]) => (Fluent8[var1])
/\ \A var0 \in RMs : (Fluent10[var0]) => (Fluent11[var0])
/\ \A var0 \in RMs : \A var1 \in RMs : (Fluent13[var1]) => (Fluent12[var0])
/\ \A var0 \in RMs : \E var1 \in RMs : (Fluent15[var0]) => (Fluent14[var1])
/\ \A var0 \in RMs : (Fluent17[var0]) => (Fluent16[var0])
/\ \A var0 \in RMs : (Fluent18[var0]) => (Fluent19[var0])
/\ \A var0 \in RMs : (Fluent20[var0]) => (Fluent21[var0])
/\ \A var0 \in RMs : \E var1 \in RMs : (Fluent22[var0]) => (Fluent23[var1])
/\ \A var0 \in RMs : (Fluent24[var0]) => (Fluent25[var0])
/\ \A var0 \in RMs : (Fluent27[var0]) => (Fluent26[var0])
/\ \A var0 \in RMs : (Fluent28[var0]) => (Fluent29[var0])
/\ \A var0 \in RMs : (Fluent30[var0]) => (Fluent31[var0])
/\ \A var0 \in RMs : (Fluent33[var0]) => (Fluent32[var0])
/\ \A var0 \in RMs : \A var1 \in RMs : (Fluent35[var1]) => (Fluent34[var0])
/\ \A var0 \in RMs : (Fluent36[var0]) => (Fluent37[var0])
./run_C1.sh  1711.48s user 72.79s system 139% cpu 21:15.25 total
