Building the LTS for the initial trace (T1.tla)
Built the LTS in 0.194s
Creating the initial trace
WARNING: sun.reflect.Reflection.getCallerClass is not supported. This will impact performance.
Created the initial trace in 0.144s

Round 1
-------
attempting to eliminate the following neg trace this round:
NT1 (NegTrace): (T0->RcvAbortr1 + T1->RcvCommitr2)
max # pos traces: 6
Total # synth jobs: 1
Formula synthesis info:
  overall (multithread) time: 2.445 seconds
  winning worker id: 0
  winning worker time: 2.44 seconds
Synthesized: \A var0 \in RMs : ~(Fluent0[var0])
Fluent0:
  initially: FALSE
  init: RcvAbort: [0]
  term: 
  mutInit: 
  falsify: 

new pos trace:
PT2 (PosTrace): (T0->SndAbortr1 + T1->RcvAbortr1)
max # pos traces: 6
Total # synth jobs: 1
Formula synthesis info:
  overall (multithread) time: 3.279 seconds
  winning worker id: 0
  winning worker time: 3.279 seconds
Synthesized: \A var0 \in RMs : ~(Fluent0[var0])
Fluent0:
  initially: FALSE
  init: RcvCommit: [0]
  term: 
  mutInit: 
  falsify: 

new pos trace:
PT3 (PosTrace): (T0->SndPreparer1 + T1->RcvPreparer1 + T2->SndPreparer2 + T3->SndPreparer3 + T4->RcvPreparer3 + T5->RcvPreparer2 + T6->SndCommitr1 + T7->RcvCommitr1)
max # pos traces: 6
Total # synth jobs: 1
Formula synthesis info:
  overall (multithread) time: 25.861 seconds
  winning worker id: 0
  winning worker time: 25.86 seconds
Synthesized: \A var0 \in RMs : (Fluent1[var0]) => (Fluent0[var0])
Fluent1:
  initially: FALSE
  init: RcvCommit: [0]
  term: SndCommit: [0]
  mutInit: 
  falsify: 
Fluent0:
  initially: FALSE
  init: SndCommit: [0]
  term: 
  mutInit: 
  falsify: 

new pos trace:
PT4 (PosTrace): (T0->SndPreparer1 + T1->RcvPreparer1 + T2->SndPreparer3 + T3->SndPreparer2 + T4->RcvPreparer3 + T5->RcvPreparer2 + T6->SndCommitr1 + T7->RcvCommitr2)
max # pos traces: 6
Total # synth jobs: 1
Formula synthesis info:
  overall (multithread) time: 29.172 seconds
  winning worker id: 0
  winning worker time: 29.17 seconds
Synthesized: \A var0 \in RMs : (Fluent0[var0]) => (Fluent1[var0])
Fluent1:
  initially: FALSE
  init: SndPrepare: [0]
  term: 
  mutInit: 
  falsify: 
Fluent0:
  initially: FALSE
  init: RcvCommit: [0]
  term: 
  mutInit: 
  falsify: 
The formula is an invariant! Moving to the next round.
Round 1 took 65.37 seconds

Round 2
-------
attempting to eliminate the following neg trace this round:
NT1 (NegTrace): (T0->SndPreparer1 + T1->RcvCommitr1 + T2->RcvAbortr2)
max # pos traces: 6
Total # synth jobs: 1
Formula synthesis info:
  overall (multithread) time: 25.741 seconds
  winning worker id: 0
  winning worker time: 25.741 seconds
Synthesized: \A var0 \in RMs : (Fluent3[var0]) => (Fluent2[var0])
Fluent3:
  initially: FALSE
  init: RcvCommit: [0]
        RcvPrepare: [0]
  term: 
  mutInit: 
  falsify: 
Fluent2:
  initially: FALSE
  init: RcvPrepare: [0]
  term: 
  mutInit: 
  falsify: 
The formula is an invariant! Moving to the next round.
Round 2 took 27.942 seconds

Round 3
-------
attempting to eliminate the following neg trace this round:
NT1 (NegTrace): (T0->SndPreparer1 + T1->RcvPreparer1 + T2->RcvCommitr1 + T3->RcvAbortr2)
max # pos traces: 6
Total # synth jobs: 1
Formula synthesis info:
  overall (multithread) time: 28.306 seconds
  winning worker id: 0
  winning worker time: 28.306 seconds
Synthesized: \A var0 \in RMs : (Fluent5[var0]) => (Fluent4[var0])
Fluent5:
  initially: FALSE
  init: SndAbort: [0]
        RcvAbort: [0]
  term: 
  mutInit: 
  falsify: 
Fluent4:
  initially: FALSE
  init: SndAbort: [0]
  term: 
  mutInit: 
  falsify: 

new pos trace:
PT5 (PosTrace): (T0->SndPreparer1 + T1->SndAbortr1 + T2->RcvAbortr2)
max # pos traces: 6
Total # synth jobs: 1
Formula synthesis info:
  overall (multithread) time: 39.297 seconds
  winning worker id: 0
  winning worker time: 39.296 seconds
Synthesized: \A var0 \in RMs : \E var1 \in RMs : (Fluent4[var0]) => (Fluent5[var1])
Fluent5:
  initially: FALSE
  init: SndPrepare: [0]
  term: RcvCommit: [0]
  mutInit: 
  falsify: 
Fluent4:
  initially: FALSE
  init: SndPrepare: [0]
  term: 
  mutInit: 
  falsify: 

new pos trace:
PT6 (PosTrace): (T0->SndPreparer1 + T1->RcvPreparer1 + T2->SndPreparer2 + T3->RcvPreparer2 + T4->SndPreparer3 + T5->RcvPreparer3 + T6->SndCommitr1 + T7->RcvCommitr1 + T8->RcvCommitr3 + T9->RcvCommitr2)
max # pos traces: 6
Total # synth jobs: 1
Formula synthesis info:
  overall (multithread) time: 50.339 seconds
  winning worker id: 0
  winning worker time: 50.338 seconds
Synthesized: \A var0 \in RMs : \A var1 \in RMs : (Fluent4[var0]) => (Fluent5[var1])
Fluent5:
  initially: FALSE
  init: RcvPrepare: [0]
  term: 
  mutInit: 
  falsify: 
Fluent4:
  initially: FALSE
  init: RcvCommit: [0]
  term: RcvPrepare: [0]
  mutInit: 
  falsify: 
The formula is an invariant! Moving to the next round.
Round 3 took 121.645 seconds

Round 4
-------
attempting to eliminate the following neg trace this round:
NT1 (NegTrace): (T0->RcvPreparer1 + T1->SndPreparer1 + T2->RcvAbortr2 + T3->RcvPreparer2 + T4->RcvPreparer3 + T5->RcvCommitr1)
max # pos traces: 6
Total # synth jobs: 1
Formula synthesis info:
  overall (multithread) time: 48.824 seconds
  winning worker id: 0
  winning worker time: 48.824 seconds
Synthesized: \A var0 \in RMs : (Fluent6[var0]) => (Fluent7[var0])
Fluent7:
  initially: FALSE
  init: RcvPrepare: [0]
  term: SndPrepare: [0]
  mutInit: 
  falsify: 
Fluent6:
  initially: FALSE
  init: RcvPrepare: [0]
  term: 
  mutInit: 
  falsify: 
The formula is an invariant! Moving to the next round.
Round 4 took 51.136 seconds

Round 5
-------
attempting to eliminate the following neg trace this round:
NT1 (NegTrace): (T0->SndPreparer1 + T1->RcvPreparer1 + T2->RcvPreparer2 + T3->RcvAbortr2 + T4->RcvPreparer3 + T5->RcvCommitr1)
max # pos traces: 6
Total # synth jobs: 1
Formula synthesis info:
  overall (multithread) time: 43.38 seconds
  winning worker id: 0
  winning worker time: 43.38 seconds
Synthesized: \A var0 \in RMs : (Fluent8[var0]) => (Fluent9[var0])
Fluent9:
  initially: FALSE
  init: SndPrepare: [0]
  term: 
  mutInit: 
  falsify: 
Fluent8:
  initially: FALSE
  init: RcvPrepare: [0]
  term: 
  mutInit: 
  falsify: 
The formula is an invariant! Moving to the next round.
Round 5 took 45.721 seconds

Round 6
-------
attempting to eliminate the following neg trace this round:
NT1 (NegTrace): (T0->SndPreparer1 + T1->RcvPreparer1 + T2->RcvAbortr1 + T3->SndPreparer2 + T4->RcvPreparer2 + T5->SndPreparer3 + T6->RcvPreparer3 + T7->RcvCommitr2)
max # pos traces: 6
Total # synth jobs: 1
Formula synthesis info:
  overall (multithread) time: 52.927 seconds
  winning worker id: 0
  winning worker time: 52.926 seconds
Synthesized: \A var0 \in RMs : (Fluent10[var0]) => (Fluent11[var0])
Fluent11:
  initially: FALSE
  init: RcvPrepare: [0]
  term: RcvAbort: [0]
  mutInit: 
  falsify: 
Fluent10:
  initially: FALSE
  init: RcvPrepare: [0]
  term: 
  mutInit: 
  falsify: 

new pos trace:
PT7 (PosTrace): (T0->SndPreparer1 + T1->RcvPreparer1 + T2->SndAbortr1 + T3->RcvAbortr1)
max # pos traces: 6
Total # synth jobs: 1
Formula synthesis info:
  overall (multithread) time: 57.351 seconds
  winning worker id: 0
  winning worker time: 57.35 seconds
Synthesized: \A var0 \in RMs : (Fluent11[var0]) => (Fluent10[var0])
Fluent11:
  initially: FALSE
  init: RcvPrepare: [0]
  term: SndAbort: [0]
  mutInit: 
  falsify: 
Fluent10:
  initially: FALSE
  init: RcvPrepare: [0]
        SndAbort: [0]
  term: RcvAbort: [0]
  mutInit: 
  falsify: 

new pos trace:
PT8 (PosTrace): (T0->SndPreparer1 + T1->RcvPreparer1 + T2->SndAbortr2 + T3->RcvAbortr1)
max # pos traces: 6
Total # synth jobs: 1
Formula synthesis info:
  overall (multithread) time: 52.435 seconds
  winning worker id: 0
  winning worker time: 52.435 seconds
Synthesized: \A var0 \in RMs : \E var1 \in RMs : (Fluent11[var0]) => (Fluent10[var1])
Fluent11:
  initially: FALSE
  init: RcvCommit: [0]
  term: 
  mutInit: 
  falsify: 
Fluent10:
  initially: FALSE
  init: SndCommit: [0]
  term: 
  mutInit: 
  falsify: 
The formula is an invariant! Moving to the next round.
Round 6 took 166.692 seconds

Round 7
-------
attempting to eliminate the following neg trace this round:
NT1 (NegTrace): (T0->SndCommitr1 + T1->SndPreparer1 + T2->RcvPreparer1 + T3->RcvAbortr1 + T4->SndPreparer2 + T5->RcvPreparer2 + T6->SndPreparer3 + T7->RcvPreparer3 + T8->RcvCommitr2)
max # pos traces: 6
Total # synth jobs: 1
Formula synthesis info:
  overall (multithread) time: 49.045 seconds
  winning worker id: 0
  winning worker time: 49.045 seconds
Synthesized: \A var0 \in RMs : (Fluent12[var0]) => (Fluent13[var0])
Fluent12:
  initially: FALSE
  init: SndCommit: [0]
  term: 
  mutInit: 
  falsify: 
Fluent13:
  initially: FALSE
  init: SndCommit: [0]
  term: RcvPrepare: [0]
  mutInit: 
  falsify: 
The formula is an invariant! Moving to the next round.
Round 7 took 51.712 seconds

Round 8
-------
attempting to eliminate the following neg trace this round:
NT1 (NegTrace): (T0->SndPreparer1 + T1->RcvPreparer1 + T2->RcvAbortr1 + T3->SndCommitr1 + T4->SndPreparer2 + T5->RcvPreparer2 + T6->SndPreparer3 + T7->RcvPreparer3 + T8->RcvCommitr2)
max # pos traces: 6
Total # synth jobs: 1
Formula synthesis info:
  overall (multithread) time: 52.161 seconds
  winning worker id: 0
  winning worker time: 52.16 seconds
Synthesized: \A var0 \in RMs : (Fluent15[var0]) => (Fluent14[var0])
Fluent14:
  initially: FALSE
  init: RcvAbort: [0]
  term: SndCommit: [0]
  mutInit: 
  falsify: 
Fluent15:
  initially: FALSE
  init: RcvAbort: [0]
  term: 
  mutInit: 
  falsify: 
The formula is an invariant! Moving to the next round.
Round 8 took 54.867 seconds

Round 9
-------
attempting to eliminate the following neg trace this round:
NT1 (NegTrace): (T0->SndPreparer1 + T1->RcvPreparer1 + T2->SndCommitr1 + T3->RcvAbortr1 + T4->SndPreparer2 + T5->RcvPreparer2 + T6->SndPreparer3 + T7->RcvPreparer3 + T8->RcvCommitr2)
max # pos traces: 6
Total # synth jobs: 1
Formula synthesis info:
  overall (multithread) time: 53.186 seconds
  winning worker id: 0
  winning worker time: 53.186 seconds
Synthesized: \A var0 \in RMs : (Fluent16[var0]) => (Fluent17[var0])
Fluent16:
  initially: FALSE
  init: SndCommit: [0]
  term: 
  mutInit: 
  falsify: 
Fluent17:
  initially: FALSE
  init: SndCommit: [0]
  term: RcvAbort: [0]
  mutInit: 
  falsify: 
The formula is an invariant! Moving to the next round.
Round 9 took 55.988 seconds

Round 10
-------
attempting to eliminate the following neg trace this round:
NT1 (NegTrace): (T0->SndPreparer1 + T1->RcvPreparer1 + T2->SndCommitr1 + T3->SilentAbortr1 + T4->SndPreparer2 + T5->RcvPreparer2 + T6->SndPreparer3 + T7->RcvPreparer3 + T8->RcvCommitr2)
max # pos traces: 6
Total # synth jobs: 1
Formula synthesis info:
  overall (multithread) time: 32.856 seconds
  winning worker id: 0
  winning worker time: 32.856 seconds
Synthesized: \A var0 \in RMs : ~(Fluent18[var0])
Fluent18:
  initially: FALSE
  init: SilentAbort: [0]
  term: 
  mutInit: 
  falsify: 

new pos trace:
PT9 (PosTrace): (T0->SilentAbortr1)
max # pos traces: 6
Total # synth jobs: 1
Formula synthesis info:
  overall (multithread) time: 42.852 seconds
  winning worker id: 0
  winning worker time: 42.852 seconds
Synthesized: \A var0 \in RMs : (Fluent19[var0]) => (Fluent18[var0])
Fluent19:
  initially: FALSE
  init: SndPrepare: [0]
  term: 
  mutInit: 
  falsify: 
Fluent18:
  initially: FALSE
  init: SndPrepare: [0]
  term: SilentAbort: [0]
  mutInit: 
  falsify: 
The formula is an invariant! Moving to the next round.
Round 10 took 79.094 seconds

Round 11
-------
attempting to eliminate the following neg trace this round:
NT1 (NegTrace): (T0->SndPreparer1 + T1->RcvPreparer1 + T2->SndCommitr1 + T3->SndPreparer2 + T4->RcvPreparer2 + T5->SndPreparer3 + T6->RcvPreparer3 + T7->RcvCommitr1 + T8->RcvAbortr3)
max # pos traces: 6
Total # synth jobs: 1
Formula synthesis info:
  overall (multithread) time: 79.179 seconds
  winning worker id: 0
  winning worker time: 79.179 seconds
Synthesized: \A var0 \in RMs : \E var1 \in RMs : (Fluent21[var0]) => (Fluent20[var1])
Fluent21:
  initially: FALSE
  init: RcvAbort: [0]
  term: 
  mutInit: 
  falsify: 
Fluent20:
  initially: FALSE
  init: SndAbort: [0]
  term: 
  mutInit: 
  falsify: 
The formula is an invariant! Moving to the next round.
Round 11 took 81.958 seconds

Round 12
-------
attempting to eliminate the following neg trace this round:
NT1 (NegTrace): (T0->SndPreparer1 + T1->RcvPreparer1 + T2->SndCommitr1 + T3->SndAbortr1 + T4->SndPreparer2 + T5->RcvPreparer2 + T6->SndPreparer3 + T7->RcvPreparer3 + T8->RcvCommitr2 + T9->RcvAbortr3)
max # pos traces: 6
Total # synth jobs: 1
Formula synthesis info:
  overall (multithread) time: 51.399 seconds
  winning worker id: 0
  winning worker time: 51.399 seconds
Synthesized: \A var0 \in RMs : (Fluent22[var0]) => (Fluent23[var0])
Fluent23:
  initially: FALSE
  init: SndCommit: [0]
  term: SndAbort: [0]
  mutInit: 
  falsify: 
Fluent22:
  initially: FALSE
  init: SndCommit: [0]
  term: 
  mutInit: 
  falsify: 
The formula is an invariant! Moving to the next round.
Round 12 took 54.228 seconds

Round 13
-------
attempting to eliminate the following neg trace this round:
NT1 (NegTrace): (T0->SndPreparer1 + T1->RcvPreparer1 + T2->SndCommitr1 + T3->SndPreparer2 + T4->RcvPreparer2 + T5->SndAbortr2 + T6->SndPreparer3 + T7->RcvPreparer3 + T8->RcvCommitr1 + T9->RcvAbortr3)
max # pos traces: 6
Total # synth jobs: 1
Formula synthesis info:
  overall (multithread) time: 76.707 seconds
  winning worker id: 0
  winning worker time: 76.707 seconds
Synthesized: \A var0 \in RMs : \E var1 \in RMs : (Fluent24[var1]) => (Fluent25[var0])
Fluent25:
  initially: FALSE
  init: RcvPrepare: [0]
  term: SndAbort: [0]
  mutInit: 
  falsify: 
Fluent24:
  initially: FALSE
  init: RcvPrepare: [0]
  term: 
  mutInit: 
  falsify: 

new pos trace:
PT10 (PosTrace): (T0->SndPreparer2 + T1->SndPreparer1 + T2->RcvPreparer2 + T3->RcvPreparer1 + T4->SndPreparer3 + T5->RcvPreparer3 + T6->SndAbortr1)
max # pos traces: 6
Total # synth jobs: 1
Formula synthesis info:
  overall (multithread) time: 65.329 seconds
  winning worker id: 0
  winning worker time: 65.329 seconds
Synthesized: \A var0 \in RMs : \E var1 \in RMs : (Fluent25[var1]) => (Fluent24[var0])
Fluent25:
  initially: FALSE
  init: RcvPrepare: [0]
  term: 
  mutInit: 
  falsify: 
Fluent24:
  initially: FALSE
  init: RcvPrepare: [0]
  term: RcvAbort: [0]
  mutInit: 
  falsify: 

new pos trace:
PT11 (PosTrace): (T0->SndPreparer2 + T1->SndPreparer1 + T2->RcvPreparer1 + T3->SndPreparer3 + T4->RcvPreparer3 + T5->RcvPreparer2 + T6->SndAbortr1 + T7->RcvAbortr1)
max # pos traces: 6
Total # synth jobs: 1
Formula synthesis info:
  overall (multithread) time: 106.253 seconds
  winning worker id: 0
  winning worker time: 106.253 seconds
Synthesized: \A var0 \in RMs : \E var1 \in RMs : (Fluent24[var1]) => (Fluent25[var0])
Fluent25:
  initially: FALSE
  init: RcvCommit: [0]
        SndAbort: [0]
  term: 
  mutInit: 
  falsify: 
Fluent24:
  initially: FALSE
  init: RcvCommit: [0]
        SndAbort: [0]
        RcvAbort: [0]
  term: 
  mutInit: 
  falsify: 

new pos trace:
PT12 (PosTrace): (T0->SndAbortr1 + T1->SndAbortr2 + T2->RcvAbortr3)
max # pos traces: 6
Total # synth jobs: 1
Formula synthesis info:
  overall (multithread) time: 37.439 seconds
  winning worker id: 0
  winning worker time: 37.439 seconds
Synthesized: \A var0 \in RMs : ~(Fluent24[var0])
Fluent24:
  initially: FALSE
  init: SndCommit: [0]
  term: 
  mutInit: 
  falsify: 

new pos trace:
PT13 (PosTrace): (T0->SndPreparer1 + T1->RcvPreparer1 + T2->SndPreparer2 + T3->SndPreparer3 + T4->RcvPreparer3 + T5->RcvPreparer2 + T6->SndCommitr1)
max # pos traces: 6
Total # synth jobs: 1
Formula synthesis info:
  overall (multithread) time: 31.695 seconds
  winning worker id: 0
  winning worker time: 31.695 seconds
Synthesized: \A var0 \in RMs : ~(Fluent24[var0])
Fluent24:
  initially: FALSE
  init: RcvCommit: [0]
  term: 
  mutInit: 
  falsify: 

new pos trace:
PT14 (PosTrace): (T0->SndPreparer1 + T1->SndPreparer2 + T2->RcvPreparer1 + T3->RcvPreparer2 + T4->SndPreparer3 + T5->RcvPreparer3 + T6->SndCommitr1 + T7->RcvCommitr1)
max # pos traces: 6
Total # synth jobs: 1
Formula synthesis info:
  overall (multithread) time: 64.768 seconds
  winning worker id: 0
  winning worker time: 64.768 seconds
Synthesized: \A var0 \in RMs : (Fluent24[var0]) => (Fluent25[var0])
Fluent25:
  initially: FALSE
  init: SndPrepare: [0]
  term: SndAbort: [0]
        RcvAbort: [0]
  mutInit: 
  falsify: 
Fluent24:
  initially: FALSE
  init: SndPrepare: [0]
  term: SndAbort: [0]
  mutInit: 
  falsify: 

new pos trace:
PT15 (PosTrace): (T0->SndAbortr1 + T1->SndPreparer1 + T2->RcvAbortr1)
max # pos traces: 6
Total # synth jobs: 1
Formula synthesis info:
  overall (multithread) time: 83.563 seconds
  winning worker id: 0
  winning worker time: 83.562 seconds
Synthesized: \A var0 \in RMs : (Fluent25[var0]) => (Fluent24[var0])
Fluent25:
  initially: FALSE
  init: RcvPrepare: [0]
  term: SndAbort: [0]
  mutInit: 
  falsify: 
Fluent24:
  initially: FALSE
  init: RcvPrepare: [0]
        SndAbort: [0]
  term: RcvAbort: [0]
  mutInit: 
  falsify: 

new pos trace:
PT16 (PosTrace): (T0->SndPreparer1 + T1->RcvPreparer1 + T2->SndAbortr2 + T3->RcvAbortr1)
(trace has been seen before)
max # pos traces: 7
Total # synth jobs: 1
Formula synthesis info:
  overall (multithread) time: 130.599 seconds
  winning worker id: 0
  winning worker time: 130.598 seconds
Synthesized: \A var0 \in RMs : \E var1 \in RMs : (Fluent24[var1]) => (Fluent25[var0])
Fluent25:
  initially: FALSE
  init: SndAbort: [0]
        RcvAbort: [0]
  term: 
  mutInit: 
  falsify: 
Fluent24:
  initially: FALSE
  init: SndAbort: [0]
        RcvAbort: [0]
        SndCommit: [0]
  term: 
  mutInit: 
  falsify: 
The formula is an invariant! Moving to the next round.
Round 13 took 604.656 seconds

Round 14
-------
attempting to eliminate the following neg trace this round:
NT1 (NegTrace): (T0->SndPreparer1 + T1->RcvPreparer1 + T2->SndCommitr1 + T3->SndPreparer2 + T4->RcvPreparer2 + T5->SndAbortr2 + T6->RcvAbortr2 + T7->SndPreparer3 + T8->RcvPreparer3 + T9->RcvCommitr1)
max # pos traces: 6
Total # synth jobs: 1
Formula synthesis info:
  overall (multithread) time: 106.733 seconds
  winning worker id: 0
  winning worker time: 106.733 seconds
Synthesized: \A var0 \in RMs : \A var1 \in RMs : (Fluent26[var0]) => (~(Fluent27[var1]))
Fluent27:
  initially: FALSE
  init: RcvAbort: [0]
  term: 
  mutInit: 
  falsify: 
Fluent26:
  initially: FALSE
  init: SndCommit: [0]
  term: RcvAbort: [0]
  mutInit: 
  falsify: 
The formula is an invariant! Moving to the next round.
Round 14 took 109.586 seconds

Round 15
-------
attempting to eliminate the following neg trace this round:
null (null): null
Round 15 took 1.137 seconds

The following formula is a separating assumption:
/\ \A var0 \in RMs : (Fluent0[var0]) => (Fluent1[var0])
/\ \A var0 \in RMs : (Fluent3[var0]) => (Fluent2[var0])
/\ \A var0 \in RMs : \A var1 \in RMs : (Fluent4[var0]) => (Fluent5[var1])
/\ \A var0 \in RMs : (Fluent6[var0]) => (Fluent7[var0])
/\ \A var0 \in RMs : (Fluent8[var0]) => (Fluent9[var0])
/\ \A var0 \in RMs : \E var1 \in RMs : (Fluent11[var0]) => (Fluent10[var1])
/\ \A var0 \in RMs : (Fluent12[var0]) => (Fluent13[var0])
/\ \A var0 \in RMs : (Fluent15[var0]) => (Fluent14[var0])
/\ \A var0 \in RMs : (Fluent16[var0]) => (Fluent17[var0])
/\ \A var0 \in RMs : (Fluent19[var0]) => (Fluent18[var0])
/\ \A var0 \in RMs : \E var1 \in RMs : (Fluent21[var0]) => (Fluent20[var1])
/\ \A var0 \in RMs : (Fluent22[var0]) => (Fluent23[var0])
/\ \A var0 \in RMs : \E var1 \in RMs : (Fluent24[var1]) => (Fluent25[var0])
/\ \A var0 \in RMs : \A var1 \in RMs : (Fluent26[var0]) => (~(Fluent27[var1]))
./run_C1.sh  1943.75s user 71.80s system 128% cpu 26:12.84 total
